Log file open, 06/26/25 12:26:21
LogWindows: Failed to load 'aqProf.dll' (GetLastError=126)
LogWindows: File 'aqProf.dll' does not exist
LogWindows: Failed to load 'VtuneApi.dll' (GetLastError=126)
LogWindows: File 'VtuneApi.dll' does not exist
LogWindows: Failed to load 'VtuneApi32e.dll' (GetLastError=126)
LogWindows: File 'VtuneApi32e.dll' does not exist
LogConsoleResponse: Display: Failed to find resolution value strings in scalability ini. Falling back to default.
LogConsoleResponse: Display: Failed to find resolution value strings in scalability ini. Falling back to default.
LogInit: Display: Running engine for game: topdownshooter
LogPlatformFile: Not using cached read wrapper
LogTaskGraph: Started task graph with 5 named threads and 71 total threads with 3 sets of task threads.
LogStats: Stats thread started at 0.192294
LogICUInternationalization: ICU TimeZone Detection - Raw Offset: +1:00, Platform Override: ''
LogInit: Display: Loading text-based GConfig....
LogPluginManager: Mounting plugin MeshPainting
LogPluginManager: Mounting plugin XGEController
LogPluginManager: Mounting plugin Paper2D
LogPluginManager: Mounting plugin LightPropagationVolume
LogPluginManager: Mounting plugin AISupport
LogPluginManager: Mounting plugin LiveLink
LogPluginManager: Mounting plugin EnvironmentQueryEditor
LogPluginManager: Mounting plugin CameraShakePreviewer
LogPluginManager: Mounting plugin GameplayCameras
LogPluginManager: Mounting plugin AnimationSharing
LogPluginManager: Mounting plugin CodeLiteSourceCodeAccess
LogPluginManager: Mounting plugin CLionSourceCodeAccess
LogPluginManager: Mounting plugin OodleData
LogPluginManager: Mounting plugin GitSourceControl
LogPluginManager: Mounting plugin OodleNetwork
LogPluginManager: Mounting plugin AssetManagerEditor
LogPluginManager: Mounting plugin KDevelopSourceCodeAccess
LogPluginManager: Mounting plugin NullSourceCodeAccess
LogPluginManager: Mounting plugin CryptoKeys
LogPluginManager: Mounting plugin PixWinPlugin
LogPluginManager: Mounting plugin CurveEditorTools
LogPluginManager: Mounting plugin DataValidation
LogPluginManager: Mounting plugin PerforceSourceControl
LogPluginManager: Mounting plugin PlasticSourceControl
LogPluginManager: Mounting plugin PropertyAccessNode
LogPluginManager: Mounting plugin PluginUtils
LogPluginManager: Mounting plugin RiderSourceCodeAccess
LogPluginManager: Mounting plugin SubversionSourceControl
LogPluginManager: Mounting plugin FacialAnimation
LogPluginManager: Mounting plugin UObjectPlugin
LogPluginManager: Mounting plugin TextureFormatOodle
LogPluginManager: Mounting plugin XCodeSourceCodeAccess
LogPluginManager: Mounting plugin VisualStudioCodeSourceCodeAccess
LogPluginManager: Mounting plugin GameplayTagsEditor
LogPluginManager: Mounting plugin VisualStudioSourceCodeAccess
LogPluginManager: Mounting plugin GeometryMode
LogPluginManager: Mounting plugin MacGraphicsSwitching
LogPluginManager: Mounting plugin MaterialAnalyzer
LogPluginManager: Mounting plugin MobileLauncherProfileWizard
LogPluginManager: Mounting plugin PluginBrowser
LogPluginManager: Mounting plugin SpeedTreeImporter
LogPluginManager: Mounting plugin Niagara
LogPluginManager: Mounting plugin DatasmithContent
LogPluginManager: Mounting plugin VariantManagerContent
LogPluginManager: Mounting plugin AlembicImporter
LogPluginManager: Mounting plugin AutomationUtils
LogPluginManager: Mounting plugin BackChannel
LogPluginManager: Mounting plugin ChaosCloth
LogPluginManager: Mounting plugin ChaosClothEditor
LogPluginManager: Mounting plugin ChaosNiagara
LogPluginManager: Mounting plugin ChaosEditor
LogPluginManager: Mounting plugin ChaosSolverPlugin
LogPluginManager: Mounting plugin MagicLeap
LogPluginManager: Mounting plugin LuminPlatformFeatures
LogPluginManager: Mounting plugin CharacterAI
LogPluginManager: Mounting plugin MagicLeapLightEstimation
LogPluginManager: Mounting plugin GeometryCache
LogPluginManager: Mounting plugin MagicLeapMedia
LogPluginManager: Mounting plugin GeometryCollectionPlugin
LogPluginManager: Mounting plugin GeometryProcessing
LogPluginManager: Mounting plugin MagicLeapPassableWorld
LogPluginManager: Mounting plugin MLSDK
LogPluginManager: Mounting plugin OpenImageDenoise
LogPluginManager: Mounting plugin MotoSynth
LogPluginManager: Mounting plugin PlanarCut
LogPluginManager: Mounting plugin PlatformCrypto
LogPluginManager: Mounting plugin ProxyLODPlugin
LogPluginManager: Mounting plugin PythonScriptPlugin
LogPluginManager: Mounting plugin AndroidMedia
LogPluginManager: Mounting plugin AvfMedia
LogPluginManager: Mounting plugin SkeletalReduction
LogPluginManager: Mounting plugin TcpMessaging
LogPluginManager: Mounting plugin UdpMessaging
LogPluginManager: Mounting plugin ActorSequence
LogPluginManager: Mounting plugin ImgMedia
LogPluginManager: Mounting plugin MediaCompositing
LogPluginManager: Mounting plugin MatineeToLevelSequence
LogPluginManager: Mounting plugin MediaPlayerEditor
LogPluginManager: Mounting plugin LevelSequenceEditor
LogPluginManager: Mounting plugin WebMMedia
LogPluginManager: Mounting plugin WmfMedia
LogPluginManager: Mounting plugin TemplateSequence
LogPluginManager: Mounting plugin LauncherChunkInstaller
LogPluginManager: Mounting plugin ActorLayerUtilities
LogPluginManager: Mounting plugin AndroidDeviceProfileSelector
LogPluginManager: Mounting plugin AndroidMoviePlayer
LogPluginManager: Mounting plugin AndroidPermission
LogPluginManager: Mounting plugin OnlineSubsystem
LogPluginManager: Mounting plugin OnlineSubsystemNull
LogPluginManager: Mounting plugin OnlineSubsystemUtils
LogPluginManager: Mounting plugin AppleImageUtils
LogPluginManager: Mounting plugin AppleMoviePlayer
LogPluginManager: Mounting plugin ArchVisCharacter
LogPluginManager: Mounting plugin AssetTags
LogPluginManager: Mounting plugin AudioCapture
LogPluginManager: Mounting plugin AudioSynesthesia
LogPluginManager: Mounting plugin CableComponent
LogPluginManager: Mounting plugin CustomMeshComponent
LogPluginManager: Mounting plugin ChunkDownloader
LogPluginManager: Mounting plugin EditableMesh
LogPluginManager: Mounting plugin ExampleDeviceProfileSelector
LogPluginManager: Mounting plugin GoogleCloudMessaging
LogPluginManager: Mounting plugin GooglePAD
LogPluginManager: Mounting plugin IOSDeviceProfileSelector
LogPluginManager: Mounting plugin LinuxDeviceProfileSelector
LogPluginManager: Mounting plugin LocationServicesBPLibrary
LogPluginManager: Mounting plugin MobilePatchingUtils
LogPluginManager: Mounting plugin OpenXR
LogPluginManager: Mounting plugin OpenXRHandTracking
LogPluginManager: Mounting plugin OpenXREyeTracker
LogPluginManager: Mounting plugin PhysXVehicles
LogPluginManager: Mounting plugin PostSplashScreen
LogPluginManager: Mounting plugin ProceduralMeshComponent
LogPluginManager: Mounting plugin PropertyAccessEditor
LogPluginManager: Mounting plugin SignificanceManager
LogPluginManager: Mounting plugin RuntimePhysXCooking
LogPluginManager: Mounting plugin SoundFields
LogPluginManager: Mounting plugin Synthesis
LogPluginManager: Mounting plugin WebMMoviePlayer
LogPluginManager: Mounting plugin WindowsMoviePlayer
LogPluginManager: Mounting plugin ScreenshotTools
LogPluginManager: Mounting plugin Takes
LogPluginManager: Mounting plugin ContentBrowserAssetDataSource
LogPluginManager: Mounting plugin ContentBrowserClassDataSource
LogPluginManager: Mounting plugin ContentBrowserFileDataSource
LogPluginManager: Mounting plugin OnlineSubsystemGooglePlay
LogPluginManager: Mounting plugin OnlineSubsystemIOS
LogPluginManager: Mounting plugin OculusVR
LogPluginManager: Mounting plugin SteamVR
PixWinPlugin: PIX capture plugin failed to initialize! Check that the process is launched from PIX.
LogInit: Using libcurl 7.55.1-DEV
LogInit:  - built for x86_64-pc-win32
LogInit:  - supports SSL with OpenSSL/1.1.1
LogInit:  - supports HTTP deflate (compression) using libz 1.2.8
LogInit:  - other features:
LogInit:      CURL_VERSION_SSL
LogInit:      CURL_VERSION_LIBZ
LogInit:      CURL_VERSION_IPV6
LogInit:      CURL_VERSION_ASYNCHDNS
LogInit:      CURL_VERSION_LARGEFILE
LogInit:      CURL_VERSION_IDN
LogInit:  CurlRequestOptions (configurable via config and command line):
LogInit:  - bVerifyPeer = true  - Libcurl will verify peer certificate
LogInit:  - bUseHttpProxy = false  - Libcurl will NOT use HTTP proxy
LogInit:  - bDontReuseConnections = false  - Libcurl will reuse connections
LogInit:  - MaxHostConnections = 16  - Libcurl will limit the number of connections to a host
LogInit:  - LocalHostAddr = Default
LogInit:  - BufferSize = 65536
LogOnline: OSS: Creating online subsystem instance for: NULL
LogInit: WinSock: version 1.1 (2.2), MaxSocks=32767, MaxUdp=65467
LogOnline: OSS: TryLoadSubsystemAndSetDefault: Loaded subsystem for module [NULL]
LogOculusPluginWrapper: OculusPlugin initialized successfully
LogHMD: Failed initializing OVRPlugin 1.59.0
LogInit: Build: ++UE4+Release-4.27-CL-18319896
LogInit: Engine Version: 4.27.2-18319896+++UE4+Release-4.27
LogInit: Compatible Engine Version: 4.27.0-17155196+++UE4+Release-4.27
LogInit: Net CL: 17155196
LogInit: OS: Windows 10 (Release 2009) (), CPU: AMD Ryzen 9 5900X 12-Core Processor            , GPU: AMD Radeon RX 6700 XT
LogInit: Compiled (64-bit): Nov 30 2021 07:12:08
LogInit: Compiled with Visual C++: 19.24.28315.00
LogInit: Build Configuration: Development
LogInit: Branch Name: ++UE4+Release-4.27
LogInit: Command Line: 
LogInit: Base Directory: D:/PROGRAMY/epic/UE_4.27/Engine/Binaries/Win64/
LogInit: Allocator: TBB
LogInit: Installed Engine Build: 1
LogDevObjectVersion: Number of dev versions registered: 29
LogDevObjectVersion:   Dev-Blueprints (B0D832E4-1F89-4F0D-ACCF-7EB736FD4AA2): 10
LogDevObjectVersion:   Dev-Build (E1C64328-A22C-4D53-A36C-8E866417BD8C): 0
LogDevObjectVersion:   Dev-Core (375EC13C-06E4-48FB-B500-84F0262A717E): 4
LogDevObjectVersion:   Dev-Editor (E4B068ED-F494-42E9-A231-DA0B2E46BB41): 40
LogDevObjectVersion:   Dev-Framework (CFFC743F-43B0-4480-9391-14DF171D2073): 37
LogDevObjectVersion:   Dev-Mobile (B02B49B5-BB20-44E9-A304-32B752E40360): 3
LogDevObjectVersion:   Dev-Networking (A4E4105C-59A1-49B5-A7C5-40C4547EDFEE): 0
LogDevObjectVersion:   Dev-Online (39C831C9-5AE6-47DC-9A44-9C173E1C8E7C): 0
LogDevObjectVersion:   Dev-Physics (78F01B33-EBEA-4F98-B9B4-84EACCB95AA2): 14
LogDevObjectVersion:   Dev-Platform (6631380F-2D4D-43E0-8009-CF276956A95A): 0
LogDevObjectVersion:   Dev-Rendering (12F88B9F-8875-4AFC-A67C-D90C383ABD29): 45
LogDevObjectVersion:   Dev-Sequencer (7B5AE74C-D270-4C10-A958-57980B212A5A): 13
LogDevObjectVersion:   Dev-VR (D7296918-1DD6-4BDD-9DE2-64A83CC13884): 3
LogDevObjectVersion:   Dev-LoadTimes (C2A15278-BFE7-4AFE-6C17-90FF531DF755): 1
LogDevObjectVersion:   Private-Geometry (6EACA3D4-40EC-4CC1-B786-8BED09428FC5): 3
LogDevObjectVersion:   Dev-AnimPhys (29E575DD-E0A3-4627-9D10-D276232CDCEA): 17
LogDevObjectVersion:   Dev-Anim (AF43A65D-7FD3-4947-9873-3E8ED9C1BB05): 15
LogDevObjectVersion:   Dev-ReflectionCapture (6B266CEC-1EC7-4B8F-A30B-E4D90942FC07): 1
LogDevObjectVersion:   Dev-Automation (0DF73D61-A23F-47EA-B727-89E90C41499A): 1
LogDevObjectVersion:   FortniteMain (601D1886-AC64-4F84-AA16-D3DE0DEAC7D6): 47
LogDevObjectVersion:   FortniteRelease (E7086368-6B23-4C58-8439-1B7016265E91): 1
LogDevObjectVersion:   Dev-Enterprise (9DFFBCD6-494F-0158-E221-12823C92A888): 10
LogDevObjectVersion:   Dev-Niagara (F2AED0AC-9AFE-416F-8664-AA7FFA26D6FC): 1
LogDevObjectVersion:   Dev-Destruction (174F1F0B-B4C6-45A5-B13F-2EE8D0FB917D): 10
LogDevObjectVersion:   Dev-Physics-Ext (35F94A83-E258-406C-A318-09F59610247C): 41
LogDevObjectVersion:   Dev-PhysicsMaterial-Chaos (B68FC16E-8B1B-42E2-B453-215C058844FE): 1
LogDevObjectVersion:   Dev-CineCamera (B2E18506-4273-CFC2-A54E-F4BB758BBA07): 1
LogDevObjectVersion:   Dev-VirtualProduction (64F58936-FD1B-42BA-BA96-7289D5D0FA4E): 1
LogDevObjectVersion:   Dev-MediaFramework (6F0ED827-A609-4895-9C91-998D90180EA4): 2
LogInit: Presizing for max 25165824 objects, including 0 objects not considered by GC, pre-allocating 0 bytes for permanent pool.
LogConfig: Applying CVar settings from Section [/Script/Engine.StreamingSettings] File [C:/Users/Julka/Documents/GitHub/topdownshooter 4.27/Saved/Config/Windows/Engine.ini]
LogConfig: Setting CVar [[s.MinBulkDataSizeForAsyncLoading:131072]]
LogConfig: Setting CVar [[s.AsyncLoadingThreadEnabled:0]]
LogConfig: Setting CVar [[s.EventDrivenLoaderEnabled:1]]
LogConfig: Setting CVar [[s.WarnIfTimeLimitExceeded:0]]
LogConfig: Setting CVar [[s.TimeLimitExceededMultiplier:1.5]]
LogConfig: Setting CVar [[s.TimeLimitExceededMinTime:0.005]]
LogConfig: Setting CVar [[s.UseBackgroundLevelStreaming:1]]
LogConfig: Setting CVar [[s.PriorityAsyncLoadingExtraTime:15.0]]
LogConfig: Setting CVar [[s.LevelStreamingActorsUpdateTimeLimit:5.0]]
LogConfig: Setting CVar [[s.PriorityLevelStreamingActorsUpdateExtraTime:5.0]]
LogConfig: Setting CVar [[s.LevelStreamingComponentsRegistrationGranularity:10]]
LogConfig: Setting CVar [[s.UnregisterComponentsTimeLimit:1.0]]
LogConfig: Setting CVar [[s.LevelStreamingComponentsUnregistrationGranularity:5]]
LogConfig: Setting CVar [[s.FlushStreamingOnExit:1]]
LogInit: Object subsystem initialized
LogConfig: Setting CVar [[con.DebugEarlyDefault:1]]
LogConfig: Setting CVar [[r.setres:1280x720]]
[2025.06.26-10.26.22:303][  0]LogConfig: Setting CVar [[r.VSync:0]]
[2025.06.26-10.26.22:303][  0]LogConfig: Setting CVar [[r.RHICmdBypass:0]]
[2025.06.26-10.26.22:303][  0]LogConfig: Applying CVar settings from Section [/Script/Engine.RendererSettings] File [C:/Users/Julka/Documents/GitHub/topdownshooter 4.27/Saved/Config/Windows/Engine.ini]
[2025.06.26-10.26.22:303][  0]LogConfig: Setting CVar [[r.GPUCrashDebugging:0]]
[2025.06.26-10.26.22:303][  0]LogConfig: Applying CVar settings from Section [/Script/Engine.RendererOverrideSettings] File [C:/Users/Julka/Documents/GitHub/topdownshooter 4.27/Saved/Config/Windows/Engine.ini]
[2025.06.26-10.26.22:303][  0]LogConfig: Applying CVar settings from Section [/Script/Engine.StreamingSettings] File [C:/Users/Julka/Documents/GitHub/topdownshooter 4.27/Saved/Config/Windows/Engine.ini]
[2025.06.26-10.26.22:303][  0]LogConfig: Setting CVar [[s.MinBulkDataSizeForAsyncLoading:131072]]
[2025.06.26-10.26.22:303][  0]LogConfig: Setting CVar [[s.AsyncLoadingThreadEnabled:0]]
[2025.06.26-10.26.22:303][  0]LogConfig: Setting CVar [[s.EventDrivenLoaderEnabled:1]]
[2025.06.26-10.26.22:303][  0]LogConfig: Setting CVar [[s.WarnIfTimeLimitExceeded:0]]
[2025.06.26-10.26.22:303][  0]LogConfig: Setting CVar [[s.TimeLimitExceededMultiplier:1.5]]
[2025.06.26-10.26.22:303][  0]LogConfig: Setting CVar [[s.TimeLimitExceededMinTime:0.005]]
[2025.06.26-10.26.22:303][  0]LogConfig: Setting CVar [[s.UseBackgroundLevelStreaming:1]]
[2025.06.26-10.26.22:303][  0]LogConfig: Setting CVar [[s.PriorityAsyncLoadingExtraTime:15.0]]
[2025.06.26-10.26.22:303][  0]LogConfig: Setting CVar [[s.LevelStreamingActorsUpdateTimeLimit:5.0]]
[2025.06.26-10.26.22:303][  0]LogConfig: Setting CVar [[s.PriorityLevelStreamingActorsUpdateExtraTime:5.0]]
[2025.06.26-10.26.22:303][  0]LogConfig: Setting CVar [[s.LevelStreamingComponentsRegistrationGranularity:10]]
[2025.06.26-10.26.22:303][  0]LogConfig: Setting CVar [[s.UnregisterComponentsTimeLimit:1.0]]
[2025.06.26-10.26.22:303][  0]LogConfig: Setting CVar [[s.LevelStreamingComponentsUnregistrationGranularity:5]]
[2025.06.26-10.26.22:303][  0]LogConfig: Setting CVar [[s.FlushStreamingOnExit:1]]
[2025.06.26-10.26.22:303][  0]LogConfig: Applying CVar settings from Section [/Script/Engine.GarbageCollectionSettings] File [C:/Users/Julka/Documents/GitHub/topdownshooter 4.27/Saved/Config/Windows/Engine.ini]
[2025.06.26-10.26.22:303][  0]LogConfig: Setting CVar [[gc.MaxObjectsNotConsideredByGC:1]]
[2025.06.26-10.26.22:303][  0]LogConfig: Setting CVar [[gc.SizeOfPermanentObjectPool:0]]
[2025.06.26-10.26.22:303][  0]LogConfig: Setting CVar [[gc.FlushStreamingOnGC:0]]
[2025.06.26-10.26.22:303][  0]LogConfig: Setting CVar [[gc.NumRetriesBeforeForcingGC:10]]
[2025.06.26-10.26.22:303][  0]LogConfig: Setting CVar [[gc.AllowParallelGC:1]]
[2025.06.26-10.26.22:303][  0]LogConfig: Setting CVar [[gc.TimeBetweenPurgingPendingKillObjects:61.1]]
[2025.06.26-10.26.22:303][  0]LogConfig: Setting CVar [[gc.MaxObjectsInEditor:25165824]]
[2025.06.26-10.26.22:303][  0]LogConfig: Setting CVar [[gc.IncrementalBeginDestroyEnabled:1]]
[2025.06.26-10.26.22:303][  0]LogConfig: Setting CVar [[gc.CreateGCClusters:1]]
[2025.06.26-10.26.22:303][  0]LogConfig: Setting CVar [[gc.MinGCClusterSize:5]]
[2025.06.26-10.26.22:303][  0]LogConfig: Setting CVar [[gc.ActorClusteringEnabled:0]]
[2025.06.26-10.26.22:303][  0]LogConfig: Setting CVar [[gc.BlueprintClusteringEnabled:0]]
[2025.06.26-10.26.22:303][  0]LogConfig: Setting CVar [[gc.UseDisregardForGCOnDedicatedServers:0]]
[2025.06.26-10.26.22:303][  0]LogConfig: Setting CVar [[gc.MultithreadedDestructionEnabled:1]]
[2025.06.26-10.26.22:303][  0]LogConfig: Applying CVar settings from Section [/Script/Engine.NetworkSettings] File [C:/Users/Julka/Documents/GitHub/topdownshooter 4.27/Saved/Config/Windows/Engine.ini]
[2025.06.26-10.26.22:303][  0]LogConfig: Applying CVar settings from Section [/Script/UnrealEd.CookerSettings] File [C:/Users/Julka/Documents/GitHub/topdownshooter 4.27/Saved/Config/Windows/Engine.ini]
[2025.06.26-10.26.22:324][  0]LogConfig: Applying CVar settings from Section [ViewDistanceQuality@3] File [C:/Users/Julka/Documents/GitHub/topdownshooter 4.27/Saved/Config/Windows/Scalability.ini]
[2025.06.26-10.26.22:324][  0]LogConfig: Setting CVar [[r.SkeletalMeshLODBias:0]]
[2025.06.26-10.26.22:324][  0]LogConfig: Setting CVar [[r.ViewDistanceScale:1.0]]
[2025.06.26-10.26.22:324][  0]LogConfig: Applying CVar settings from Section [AntiAliasingQuality@3] File [C:/Users/Julka/Documents/GitHub/topdownshooter 4.27/Saved/Config/Windows/Scalability.ini]
[2025.06.26-10.26.22:324][  0]LogConfig: Setting CVar [[r.PostProcessAAQuality:4]]
[2025.06.26-10.26.22:324][  0]LogConfig: Applying CVar settings from Section [ShadowQuality@3] File [C:/Users/Julka/Documents/GitHub/topdownshooter 4.27/Saved/Config/Windows/Scalability.ini]
[2025.06.26-10.26.22:324][  0]LogConfig: Setting CVar [[r.LightFunctionQuality:1]]
[2025.06.26-10.26.22:324][  0]LogConfig: Setting CVar [[r.ShadowQuality:5]]
[2025.06.26-10.26.22:324][  0]LogConfig: Setting CVar [[r.Shadow.CSM.MaxCascades:10]]
[2025.06.26-10.26.22:324][  0]LogConfig: Setting CVar [[r.Shadow.MaxResolution:2048]]
[2025.06.26-10.26.22:324][  0]LogConfig: Setting CVar [[r.Shadow.MaxCSMResolution:2048]]
[2025.06.26-10.26.22:324][  0]LogConfig: Setting CVar [[r.Shadow.RadiusThreshold:0.01]]
[2025.06.26-10.26.22:324][  0]LogConfig: Setting CVar [[r.Shadow.DistanceScale:1.0]]
[2025.06.26-10.26.22:324][  0]LogConfig: Setting CVar [[r.Shadow.CSM.TransitionScale:1.0]]
[2025.06.26-10.26.22:324][  0]LogConfig: Setting CVar [[r.Shadow.PreShadowResolutionFactor:1.0]]
[2025.06.26-10.26.22:324][  0]LogConfig: Setting CVar [[r.DistanceFieldShadowing:1]]
[2025.06.26-10.26.22:324][  0]LogConfig: Setting CVar [[r.DistanceFieldAO:1]]
[2025.06.26-10.26.22:324][  0]LogConfig: Setting CVar [[r.AOQuality:2]]
[2025.06.26-10.26.22:324][  0]LogConfig: Setting CVar [[r.VolumetricFog:1]]
[2025.06.26-10.26.22:324][  0]LogConfig: Setting CVar [[r.VolumetricFog.GridPixelSize:8]]
[2025.06.26-10.26.22:324][  0]LogConfig: Setting CVar [[r.VolumetricFog.GridSizeZ:128]]
[2025.06.26-10.26.22:324][  0]LogConfig: Setting CVar [[r.VolumetricFog.HistoryMissSupersampleCount:4]]
[2025.06.26-10.26.22:324][  0]LogConfig: Setting CVar [[r.LightMaxDrawDistanceScale:1]]
[2025.06.26-10.26.22:324][  0]LogConfig: Setting CVar [[r.CapsuleShadows:1]]
[2025.06.26-10.26.22:324][  0]LogConfig: Applying CVar settings from Section [PostProcessQuality@3] File [C:/Users/Julka/Documents/GitHub/topdownshooter 4.27/Saved/Config/Windows/Scalability.ini]
[2025.06.26-10.26.22:324][  0]LogConfig: Setting CVar [[r.MotionBlurQuality:4]]
[2025.06.26-10.26.22:324][  0]LogConfig: Setting CVar [[r.AmbientOcclusionMipLevelFactor:0.4]]
[2025.06.26-10.26.22:324][  0]LogConfig: Setting CVar [[r.AmbientOcclusionMaxQuality:100]]
[2025.06.26-10.26.22:324][  0]LogConfig: Setting CVar [[r.AmbientOcclusionLevels:-1]]
[2025.06.26-10.26.22:324][  0]LogConfig: Setting CVar [[r.AmbientOcclusionRadiusScale:1.0]]
[2025.06.26-10.26.22:324][  0]LogConfig: Setting CVar [[r.DepthOfFieldQuality:2]]
[2025.06.26-10.26.22:324][  0]LogConfig: Setting CVar [[r.RenderTargetPoolMin:400]]
[2025.06.26-10.26.22:324][  0]LogConfig: Setting CVar [[r.LensFlareQuality:2]]
[2025.06.26-10.26.22:324][  0]LogConfig: Setting CVar [[r.SceneColorFringeQuality:1]]
[2025.06.26-10.26.22:324][  0]LogConfig: Setting CVar [[r.EyeAdaptationQuality:2]]
[2025.06.26-10.26.22:324][  0]LogConfig: Setting CVar [[r.BloomQuality:5]]
[2025.06.26-10.26.22:324][  0]LogConfig: Setting CVar [[r.FastBlurThreshold:100]]
[2025.06.26-10.26.22:324][  0]LogConfig: Setting CVar [[r.Upscale.Quality:3]]
[2025.06.26-10.26.22:324][  0]LogConfig: Setting CVar [[r.Tonemapper.GrainQuantization:1]]
[2025.06.26-10.26.22:324][  0]LogConfig: Setting CVar [[r.LightShaftQuality:1]]
[2025.06.26-10.26.22:324][  0]LogConfig: Setting CVar [[r.Filter.SizeScale:1]]
[2025.06.26-10.26.22:324][  0]LogConfig: Setting CVar [[r.Tonemapper.Quality:5]]
[2025.06.26-10.26.22:324][  0]LogConfig: Setting CVar [[r.DOF.Gather.AccumulatorQuality:1        ; higher gathering accumulator quality]]
[2025.06.26-10.26.22:324][  0]LogConfig: Setting CVar [[r.DOF.Gather.PostfilterMethod:1          ; Median3x3 postfilering method]]
[2025.06.26-10.26.22:324][  0]LogConfig: Setting CVar [[r.DOF.Gather.EnableBokehSettings:0       ; no bokeh simulation when gathering]]
[2025.06.26-10.26.22:325][  0]LogConfig: Setting CVar [[r.DOF.Gather.RingCount:4                 ; medium number of samples when gathering]]
[2025.06.26-10.26.22:325][  0]LogConfig: Setting CVar [[r.DOF.Scatter.ForegroundCompositing:1    ; additive foreground scattering]]
[2025.06.26-10.26.22:325][  0]LogConfig: Setting CVar [[r.DOF.Scatter.BackgroundCompositing:2    ; additive background scattering]]
[2025.06.26-10.26.22:325][  0]LogConfig: Setting CVar [[r.DOF.Scatter.EnableBokehSettings:1      ; bokeh simulation when scattering]]
[2025.06.26-10.26.22:325][  0]LogConfig: Setting CVar [[r.DOF.Scatter.MaxSpriteRatio:0.1         ; only a maximum of 10% of scattered bokeh]]
[2025.06.26-10.26.22:325][  0]LogConfig: Setting CVar [[r.DOF.Recombine.Quality:1                ; cheap slight out of focus]]
[2025.06.26-10.26.22:325][  0]LogConfig: Setting CVar [[r.DOF.Recombine.EnableBokehSettings:0    ; no bokeh simulation on slight out of focus]]
[2025.06.26-10.26.22:325][  0]LogConfig: Setting CVar [[r.DOF.TemporalAAQuality:1                ; more stable temporal accumulation]]
[2025.06.26-10.26.22:325][  0]LogConfig: Setting CVar [[r.DOF.Kernel.MaxForegroundRadius:0.025]]
[2025.06.26-10.26.22:325][  0]LogConfig: Setting CVar [[r.DOF.Kernel.MaxBackgroundRadius:0.025]]
[2025.06.26-10.26.22:325][  0]LogConfig: Applying CVar settings from Section [TextureQuality@3] File [C:/Users/Julka/Documents/GitHub/topdownshooter 4.27/Saved/Config/Windows/Scalability.ini]
[2025.06.26-10.26.22:325][  0]LogConfig: Setting CVar [[r.Streaming.MipBias:0]]
[2025.06.26-10.26.22:325][  0]LogConfig: Setting CVar [[r.Streaming.AmortizeCPUToGPUCopy:0]]
[2025.06.26-10.26.22:325][  0]LogConfig: Setting CVar [[r.Streaming.MaxNumTexturesToStreamPerFrame:0]]
[2025.06.26-10.26.22:325][  0]LogConfig: Setting CVar [[r.Streaming.Boost:1]]
[2025.06.26-10.26.22:325][  0]LogConfig: Setting CVar [[r.MaxAnisotropy:8]]
[2025.06.26-10.26.22:325][  0]LogConfig: Setting CVar [[r.VT.MaxAnisotropy:8]]
[2025.06.26-10.26.22:325][  0]LogConfig: Setting CVar [[r.Streaming.LimitPoolSizeToVRAM:0]]
[2025.06.26-10.26.22:325][  0]LogConfig: Setting CVar [[r.Streaming.PoolSize:1000]]
[2025.06.26-10.26.22:325][  0]LogConfig: Setting CVar [[r.Streaming.MaxEffectiveScreenSize:0]]
[2025.06.26-10.26.22:325][  0]LogConfig: Applying CVar settings from Section [EffectsQuality@3] File [C:/Users/Julka/Documents/GitHub/topdownshooter 4.27/Saved/Config/Windows/Scalability.ini]
[2025.06.26-10.26.22:325][  0]LogConfig: Setting CVar [[r.TranslucencyLightingVolumeDim:64]]
[2025.06.26-10.26.22:325][  0]LogConfig: Setting CVar [[r.RefractionQuality:2]]
[2025.06.26-10.26.22:325][  0]LogConfig: Setting CVar [[r.SSR.Quality:3]]
[2025.06.26-10.26.22:325][  0]LogConfig: Setting CVar [[r.SSR.HalfResSceneColor:0]]
[2025.06.26-10.26.22:325][  0]LogConfig: Setting CVar [[r.SceneColorFormat:4]]
[2025.06.26-10.26.22:325][  0]LogConfig: Setting CVar [[r.DetailMode:2]]
[2025.06.26-10.26.22:325][  0]LogConfig: Setting CVar [[r.TranslucencyVolumeBlur:1]]
[2025.06.26-10.26.22:325][  0]LogConfig: Setting CVar [[r.MaterialQualityLevel:1 ; High quality]]
[2025.06.26-10.26.22:325][  0]LogConfig: Setting CVar [[r.AnisotropicMaterials:1]]
[2025.06.26-10.26.22:325][  0]LogConfig: Setting CVar [[r.SSS.Scale:1]]
[2025.06.26-10.26.22:325][  0]LogConfig: Setting CVar [[r.SSS.SampleSet:2]]
[2025.06.26-10.26.22:325][  0]LogConfig: Setting CVar [[r.SSS.Quality:1]]
[2025.06.26-10.26.22:325][  0]LogConfig: Setting CVar [[r.SSS.HalfRes:0]]
[2025.06.26-10.26.22:325][  0]LogConfig: Setting CVar [[r.SSGI.Quality:3]]
[2025.06.26-10.26.22:325][  0]LogConfig: Setting CVar [[r.EmitterSpawnRateScale:1.0]]
[2025.06.26-10.26.22:325][  0]LogConfig: Setting CVar [[r.ParticleLightQuality:2]]
[2025.06.26-10.26.22:325][  0]LogConfig: Setting CVar [[r.SkyAtmosphere.AerialPerspectiveLUT.FastApplyOnOpaque:1 ; Always have FastSkyLUT 1 in this case to avoid wrong sky]]
[2025.06.26-10.26.22:325][  0]LogConfig: Setting CVar [[r.SkyAtmosphere.AerialPerspectiveLUT.SampleCountMaxPerSlice:4]]
[2025.06.26-10.26.22:325][  0]LogConfig: Setting CVar [[r.SkyAtmosphere.AerialPerspectiveLUT.DepthResolution:16.0]]
[2025.06.26-10.26.22:325][  0]LogConfig: Setting CVar [[r.SkyAtmosphere.FastSkyLUT:1]]
[2025.06.26-10.26.22:325][  0]LogConfig: Setting CVar [[r.SkyAtmosphere.FastSkyLUT.SampleCountMin:4.0]]
[2025.06.26-10.26.22:325][  0]LogConfig: Setting CVar [[r.SkyAtmosphere.FastSkyLUT.SampleCountMax:128.0]]
[2025.06.26-10.26.22:325][  0]LogConfig: Setting CVar [[r.SkyAtmosphere.SampleCountMin:4.0]]
[2025.06.26-10.26.22:325][  0]LogConfig: Setting CVar [[r.SkyAtmosphere.SampleCountMax:128.0]]
[2025.06.26-10.26.22:325][  0]LogConfig: Setting CVar [[r.SkyAtmosphere.TransmittanceLUT.UseSmallFormat:0]]
[2025.06.26-10.26.22:325][  0]LogConfig: Setting CVar [[r.SkyAtmosphere.TransmittanceLUT.SampleCount:10.0]]
[2025.06.26-10.26.22:325][  0]LogConfig: Setting CVar [[r.SkyAtmosphere.MultiScatteringLUT.SampleCount:15.0]]
[2025.06.26-10.26.22:325][  0]LogConfig: Setting CVar [[r.SkyLight.RealTimeReflectionCapture:1]]
[2025.06.26-10.26.22:325][  0]LogConfig: Applying CVar settings from Section [FoliageQuality@3] File [C:/Users/Julka/Documents/GitHub/topdownshooter 4.27/Saved/Config/Windows/Scalability.ini]
[2025.06.26-10.26.22:325][  0]LogConfig: Setting CVar [[foliage.DensityScale:1.0]]
[2025.06.26-10.26.22:325][  0]LogConfig: Setting CVar [[grass.DensityScale:1.0]]
[2025.06.26-10.26.22:325][  0]LogConfig: Applying CVar settings from Section [ShadingQuality@3] File [C:/Users/Julka/Documents/GitHub/topdownshooter 4.27/Saved/Config/Windows/Scalability.ini]
[2025.06.26-10.26.22:325][  0]LogConfig: Setting CVar [[r.HairStrands.SkyLighting.IntegrationType:2]]
[2025.06.26-10.26.22:325][  0]LogConfig: Setting CVar [[r.HairStrands.SkyAO.SampleCount:4]]
[2025.06.26-10.26.22:325][  0]LogConfig: Setting CVar [[r.HairStrands.Visibility.MSAA.SamplePerPixel:4]]
[2025.06.26-10.26.22:325][  0]LogInit: Selected Device Profile: [Windows]
[2025.06.26-10.26.22:325][  0]LogInit: Applying CVar settings loaded from the selected device profile: [Windows]
[2025.06.26-10.26.22:325][  0]LogHAL: Display: Platform has ~ 32 GB [34277273600 / 34359738368 / 32], which maps to Largest [LargestMinGB=32, LargerMinGB=12, DefaultMinGB=8, SmallerMinGB=6, SmallestMinGB=0)
[2025.06.26-10.26.22:325][  0]LogInit: Going up to parent DeviceProfile []
[2025.06.26-10.26.22:325][  0]LogConfig: Applying CVar settings from Section [ViewDistanceQuality@3] File [C:/Users/Julka/Documents/GitHub/topdownshooter 4.27/Saved/Config/Windows/Scalability.ini]
[2025.06.26-10.26.22:325][  0]LogConfig: Setting CVar [[r.SkeletalMeshLODBias:0]]
[2025.06.26-10.26.22:325][  0]LogConfig: Setting CVar [[r.ViewDistanceScale:1.0]]
[2025.06.26-10.26.22:325][  0]LogConfig: Applying CVar settings from Section [AntiAliasingQuality@3] File [C:/Users/Julka/Documents/GitHub/topdownshooter 4.27/Saved/Config/Windows/Scalability.ini]
[2025.06.26-10.26.22:325][  0]LogConfig: Setting CVar [[r.PostProcessAAQuality:4]]
[2025.06.26-10.26.22:325][  0]LogConfig: Applying CVar settings from Section [ShadowQuality@3] File [C:/Users/Julka/Documents/GitHub/topdownshooter 4.27/Saved/Config/Windows/Scalability.ini]
[2025.06.26-10.26.22:325][  0]LogConfig: Setting CVar [[r.LightFunctionQuality:1]]
[2025.06.26-10.26.22:325][  0]LogConfig: Setting CVar [[r.ShadowQuality:5]]
[2025.06.26-10.26.22:325][  0]LogConfig: Setting CVar [[r.Shadow.CSM.MaxCascades:10]]
[2025.06.26-10.26.22:325][  0]LogConfig: Setting CVar [[r.Shadow.MaxResolution:2048]]
[2025.06.26-10.26.22:325][  0]LogConfig: Setting CVar [[r.Shadow.MaxCSMResolution:2048]]
[2025.06.26-10.26.22:325][  0]LogConfig: Setting CVar [[r.Shadow.RadiusThreshold:0.01]]
[2025.06.26-10.26.22:325][  0]LogConfig: Setting CVar [[r.Shadow.DistanceScale:1.0]]
[2025.06.26-10.26.22:325][  0]LogConfig: Setting CVar [[r.Shadow.CSM.TransitionScale:1.0]]
[2025.06.26-10.26.22:325][  0]LogConfig: Setting CVar [[r.Shadow.PreShadowResolutionFactor:1.0]]
[2025.06.26-10.26.22:325][  0]LogConfig: Setting CVar [[r.DistanceFieldShadowing:1]]
[2025.06.26-10.26.22:325][  0]LogConfig: Setting CVar [[r.DistanceFieldAO:1]]
[2025.06.26-10.26.22:325][  0]LogConfig: Setting CVar [[r.AOQuality:2]]
[2025.06.26-10.26.22:325][  0]LogConfig: Setting CVar [[r.VolumetricFog:1]]
[2025.06.26-10.26.22:325][  0]LogConfig: Setting CVar [[r.VolumetricFog.GridPixelSize:8]]
[2025.06.26-10.26.22:325][  0]LogConfig: Setting CVar [[r.VolumetricFog.GridSizeZ:128]]
[2025.06.26-10.26.22:325][  0]LogConfig: Setting CVar [[r.VolumetricFog.HistoryMissSupersampleCount:4]]
[2025.06.26-10.26.22:325][  0]LogConfig: Setting CVar [[r.LightMaxDrawDistanceScale:1]]
[2025.06.26-10.26.22:325][  0]LogConfig: Setting CVar [[r.CapsuleShadows:1]]
[2025.06.26-10.26.22:325][  0]LogConfig: Applying CVar settings from Section [PostProcessQuality@3] File [C:/Users/Julka/Documents/GitHub/topdownshooter 4.27/Saved/Config/Windows/Scalability.ini]
[2025.06.26-10.26.22:325][  0]LogConfig: Setting CVar [[r.MotionBlurQuality:4]]
[2025.06.26-10.26.22:325][  0]LogConfig: Setting CVar [[r.AmbientOcclusionMipLevelFactor:0.4]]
[2025.06.26-10.26.22:325][  0]LogConfig: Setting CVar [[r.AmbientOcclusionMaxQuality:100]]
[2025.06.26-10.26.22:325][  0]LogConfig: Setting CVar [[r.AmbientOcclusionLevels:-1]]
[2025.06.26-10.26.22:325][  0]LogConfig: Setting CVar [[r.AmbientOcclusionRadiusScale:1.0]]
[2025.06.26-10.26.22:325][  0]LogConfig: Setting CVar [[r.DepthOfFieldQuality:2]]
[2025.06.26-10.26.22:325][  0]LogConfig: Setting CVar [[r.RenderTargetPoolMin:400]]
[2025.06.26-10.26.22:325][  0]LogConfig: Setting CVar [[r.LensFlareQuality:2]]
[2025.06.26-10.26.22:325][  0]LogConfig: Setting CVar [[r.SceneColorFringeQuality:1]]
[2025.06.26-10.26.22:325][  0]LogConfig: Setting CVar [[r.EyeAdaptationQuality:2]]
[2025.06.26-10.26.22:325][  0]LogConfig: Setting CVar [[r.BloomQuality:5]]
[2025.06.26-10.26.22:325][  0]LogConfig: Setting CVar [[r.FastBlurThreshold:100]]
[2025.06.26-10.26.22:325][  0]LogConfig: Setting CVar [[r.Upscale.Quality:3]]
[2025.06.26-10.26.22:325][  0]LogConfig: Setting CVar [[r.Tonemapper.GrainQuantization:1]]
[2025.06.26-10.26.22:325][  0]LogConfig: Setting CVar [[r.LightShaftQuality:1]]
[2025.06.26-10.26.22:325][  0]LogConfig: Setting CVar [[r.Filter.SizeScale:1]]
[2025.06.26-10.26.22:325][  0]LogConfig: Setting CVar [[r.Tonemapper.Quality:5]]
[2025.06.26-10.26.22:325][  0]LogConfig: Setting CVar [[r.DOF.Gather.AccumulatorQuality:1        ; higher gathering accumulator quality]]
[2025.06.26-10.26.22:325][  0]LogConfig: Setting CVar [[r.DOF.Gather.PostfilterMethod:1          ; Median3x3 postfilering method]]
[2025.06.26-10.26.22:325][  0]LogConfig: Setting CVar [[r.DOF.Gather.EnableBokehSettings:0       ; no bokeh simulation when gathering]]
[2025.06.26-10.26.22:325][  0]LogConfig: Setting CVar [[r.DOF.Gather.RingCount:4                 ; medium number of samples when gathering]]
[2025.06.26-10.26.22:325][  0]LogConfig: Setting CVar [[r.DOF.Scatter.ForegroundCompositing:1    ; additive foreground scattering]]
[2025.06.26-10.26.22:325][  0]LogConfig: Setting CVar [[r.DOF.Scatter.BackgroundCompositing:2    ; additive background scattering]]
[2025.06.26-10.26.22:325][  0]LogConfig: Setting CVar [[r.DOF.Scatter.EnableBokehSettings:1      ; bokeh simulation when scattering]]
[2025.06.26-10.26.22:325][  0]LogConfig: Setting CVar [[r.DOF.Scatter.MaxSpriteRatio:0.1         ; only a maximum of 10% of scattered bokeh]]
[2025.06.26-10.26.22:325][  0]LogConfig: Setting CVar [[r.DOF.Recombine.Quality:1                ; cheap slight out of focus]]
[2025.06.26-10.26.22:325][  0]LogConfig: Setting CVar [[r.DOF.Recombine.EnableBokehSettings:0    ; no bokeh simulation on slight out of focus]]
[2025.06.26-10.26.22:325][  0]LogConfig: Setting CVar [[r.DOF.TemporalAAQuality:1                ; more stable temporal accumulation]]
[2025.06.26-10.26.22:325][  0]LogConfig: Setting CVar [[r.DOF.Kernel.MaxForegroundRadius:0.025]]
[2025.06.26-10.26.22:325][  0]LogConfig: Setting CVar [[r.DOF.Kernel.MaxBackgroundRadius:0.025]]
[2025.06.26-10.26.22:326][  0]LogConfig: Applying CVar settings from Section [TextureQuality@3] File [C:/Users/Julka/Documents/GitHub/topdownshooter 4.27/Saved/Config/Windows/Scalability.ini]
[2025.06.26-10.26.22:326][  0]LogConfig: Setting CVar [[r.Streaming.MipBias:0]]
[2025.06.26-10.26.22:326][  0]LogConfig: Setting CVar [[r.Streaming.AmortizeCPUToGPUCopy:0]]
[2025.06.26-10.26.22:326][  0]LogConfig: Setting CVar [[r.Streaming.MaxNumTexturesToStreamPerFrame:0]]
[2025.06.26-10.26.22:326][  0]LogConfig: Setting CVar [[r.Streaming.Boost:1]]
[2025.06.26-10.26.22:326][  0]LogConfig: Setting CVar [[r.MaxAnisotropy:8]]
[2025.06.26-10.26.22:326][  0]LogConfig: Setting CVar [[r.VT.MaxAnisotropy:8]]
[2025.06.26-10.26.22:326][  0]LogConfig: Setting CVar [[r.Streaming.LimitPoolSizeToVRAM:0]]
[2025.06.26-10.26.22:326][  0]LogConfig: Setting CVar [[r.Streaming.PoolSize:1000]]
[2025.06.26-10.26.22:326][  0]LogConfig: Setting CVar [[r.Streaming.MaxEffectiveScreenSize:0]]
[2025.06.26-10.26.22:326][  0]LogConfig: Applying CVar settings from Section [EffectsQuality@3] File [C:/Users/Julka/Documents/GitHub/topdownshooter 4.27/Saved/Config/Windows/Scalability.ini]
[2025.06.26-10.26.22:326][  0]LogConfig: Setting CVar [[r.TranslucencyLightingVolumeDim:64]]
[2025.06.26-10.26.22:326][  0]LogConfig: Setting CVar [[r.RefractionQuality:2]]
[2025.06.26-10.26.22:326][  0]LogConfig: Setting CVar [[r.SSR.Quality:3]]
[2025.06.26-10.26.22:326][  0]LogConfig: Setting CVar [[r.SSR.HalfResSceneColor:0]]
[2025.06.26-10.26.22:326][  0]LogConfig: Setting CVar [[r.SceneColorFormat:4]]
[2025.06.26-10.26.22:326][  0]LogConfig: Setting CVar [[r.DetailMode:2]]
[2025.06.26-10.26.22:326][  0]LogConfig: Setting CVar [[r.TranslucencyVolumeBlur:1]]
[2025.06.26-10.26.22:326][  0]LogConfig: Setting CVar [[r.MaterialQualityLevel:1 ; High quality]]
[2025.06.26-10.26.22:326][  0]LogConfig: Setting CVar [[r.AnisotropicMaterials:1]]
[2025.06.26-10.26.22:326][  0]LogConfig: Setting CVar [[r.SSS.Scale:1]]
[2025.06.26-10.26.22:326][  0]LogConfig: Setting CVar [[r.SSS.SampleSet:2]]
[2025.06.26-10.26.22:326][  0]LogConfig: Setting CVar [[r.SSS.Quality:1]]
[2025.06.26-10.26.22:326][  0]LogConfig: Setting CVar [[r.SSS.HalfRes:0]]
[2025.06.26-10.26.22:326][  0]LogConfig: Setting CVar [[r.SSGI.Quality:3]]
[2025.06.26-10.26.22:326][  0]LogConfig: Setting CVar [[r.EmitterSpawnRateScale:1.0]]
[2025.06.26-10.26.22:326][  0]LogConfig: Setting CVar [[r.ParticleLightQuality:2]]
[2025.06.26-10.26.22:326][  0]LogConfig: Setting CVar [[r.SkyAtmosphere.AerialPerspectiveLUT.FastApplyOnOpaque:1 ; Always have FastSkyLUT 1 in this case to avoid wrong sky]]
[2025.06.26-10.26.22:326][  0]LogConfig: Setting CVar [[r.SkyAtmosphere.AerialPerspectiveLUT.SampleCountMaxPerSlice:4]]
[2025.06.26-10.26.22:326][  0]LogConfig: Setting CVar [[r.SkyAtmosphere.AerialPerspectiveLUT.DepthResolution:16.0]]
[2025.06.26-10.26.22:326][  0]LogConfig: Setting CVar [[r.SkyAtmosphere.FastSkyLUT:1]]
[2025.06.26-10.26.22:326][  0]LogConfig: Setting CVar [[r.SkyAtmosphere.FastSkyLUT.SampleCountMin:4.0]]
[2025.06.26-10.26.22:326][  0]LogConfig: Setting CVar [[r.SkyAtmosphere.FastSkyLUT.SampleCountMax:128.0]]
[2025.06.26-10.26.22:326][  0]LogConfig: Setting CVar [[r.SkyAtmosphere.SampleCountMin:4.0]]
[2025.06.26-10.26.22:326][  0]LogConfig: Setting CVar [[r.SkyAtmosphere.SampleCountMax:128.0]]
[2025.06.26-10.26.22:326][  0]LogConfig: Setting CVar [[r.SkyAtmosphere.TransmittanceLUT.UseSmallFormat:0]]
[2025.06.26-10.26.22:326][  0]LogConfig: Setting CVar [[r.SkyAtmosphere.TransmittanceLUT.SampleCount:10.0]]
[2025.06.26-10.26.22:326][  0]LogConfig: Setting CVar [[r.SkyAtmosphere.MultiScatteringLUT.SampleCount:15.0]]
[2025.06.26-10.26.22:326][  0]LogConfig: Setting CVar [[r.SkyLight.RealTimeReflectionCapture:1]]
[2025.06.26-10.26.22:326][  0]LogConfig: Applying CVar settings from Section [FoliageQuality@3] File [C:/Users/Julka/Documents/GitHub/topdownshooter 4.27/Saved/Config/Windows/Scalability.ini]
[2025.06.26-10.26.22:326][  0]LogConfig: Setting CVar [[foliage.DensityScale:1.0]]
[2025.06.26-10.26.22:326][  0]LogConfig: Setting CVar [[grass.DensityScale:1.0]]
[2025.06.26-10.26.22:326][  0]LogConfig: Applying CVar settings from Section [ShadingQuality@3] File [C:/Users/Julka/Documents/GitHub/topdownshooter 4.27/Saved/Config/Windows/Scalability.ini]
[2025.06.26-10.26.22:326][  0]LogConfig: Setting CVar [[r.HairStrands.SkyLighting.IntegrationType:2]]
[2025.06.26-10.26.22:326][  0]LogConfig: Setting CVar [[r.HairStrands.SkyAO.SampleCount:4]]
[2025.06.26-10.26.22:326][  0]LogConfig: Setting CVar [[r.HairStrands.Visibility.MSAA.SamplePerPixel:4]]
[2025.06.26-10.26.22:326][  0]LogConfig: Applying CVar settings from Section [Startup] File [../../../Engine/Config/ConsoleVariables.ini]
[2025.06.26-10.26.22:326][  0]LogConfig: Setting CVar [[net.UseAdaptiveNetUpdateFrequency:0]]
[2025.06.26-10.26.22:326][  0]LogConfig: Setting CVar [[p.chaos.AllowCreatePhysxBodies:1]]
[2025.06.26-10.26.22:326][  0]LogConfig: Setting CVar [[fx.SkipVectorVMBackendOptimizations:1]]
[2025.06.26-10.26.22:326][  0]LogConfig: Applying CVar settings from Section [ConsoleVariables] File [C:/Users/Julka/Documents/GitHub/topdownshooter 4.27/Saved/Config/Windows/Engine.ini]
[2025.06.26-10.26.22:326][  0]LogConfig: Applying CVar settings from Section [ConsoleVariables] File [C:/Users/Julka/Documents/GitHub/topdownshooter 4.27/Saved/Config/Windows/Editor.ini]
[2025.06.26-10.26.22:326][  0]LogInit: Computer: AZU-PC
[2025.06.26-10.26.22:326][  0]LogInit: User: 
[2025.06.26-10.26.22:326][  0]LogInit: CPU Page size=4096, Cores=12
[2025.06.26-10.26.22:326][  0]LogInit: High frequency timer resolution =10.000000 MHz
[2025.06.26-10.26.22:326][  0]LogMemory: Memory total: Physical=31.9GB (32GB approx)
[2025.06.26-10.26.22:326][  0]LogMemory: Platform Memory Stats for Windows
[2025.06.26-10.26.22:326][  0]LogMemory: Process Physical Memory: 155.14 MB used, 155.14 MB peak
[2025.06.26-10.26.22:326][  0]LogMemory: Process Virtual Memory: 136.19 MB used, 136.19 MB peak
[2025.06.26-10.26.22:326][  0]LogMemory: Physical Memory: 12778.01 MB used,  19911.35 MB free, 32689.36 MB total
[2025.06.26-10.26.22:326][  0]LogMemory: Virtual Memory: 134196824.00 MB used,  20904.28 MB free, 134217728.00 MB total
[2025.06.26-10.26.22:331][  0]LogWindows: WindowsPlatformFeatures enabled
[2025.06.26-10.26.22:349][  0]LogInit: Physics initialised using underlying interface: PhysX
[2025.06.26-10.26.22:350][  0]LogInit: Using OS detected language (pl-PL).
[2025.06.26-10.26.22:350][  0]LogInit: Using OS detected locale (pl-PL).
[2025.06.26-10.26.22:352][  0]LogTextLocalizationManager: No specific localization for 'pl-PL' exists, so the 'pl' localization will be used.
[2025.06.26-10.26.22:352][  0]LogTextLocalizationResource: LocRes '../../../Engine/Content/Localization/Editor/pl/Editor.locres' could not be opened for reading!
[2025.06.26-10.26.22:352][  0]LogTextLocalizationResource: LocRes '../../../Engine/Content/Localization/EditorTutorials/pl/EditorTutorials.locres' could not be opened for reading!
[2025.06.26-10.26.22:352][  0]LogTextLocalizationResource: LocRes '../../../Engine/Content/Localization/Keywords/pl/Keywords.locres' could not be opened for reading!
[2025.06.26-10.26.22:352][  0]LogTextLocalizationResource: LocRes '../../../Engine/Content/Localization/Category/pl/Category.locres' could not be opened for reading!
[2025.06.26-10.26.22:352][  0]LogTextLocalizationResource: LocRes '../../../Engine/Content/Localization/ToolTips/pl/ToolTips.locres' could not be opened for reading!
[2025.06.26-10.26.22:352][  0]LogTextLocalizationResource: LocRes '../../../Engine/Content/Localization/PropertyNames/pl/PropertyNames.locres' could not be opened for reading!
[2025.06.26-10.26.22:352][  0]LogTextLocalizationResource: LocRes '../../../Engine/Content/Localization/Engine/pl/Engine.locres' could not be opened for reading!
[2025.06.26-10.26.22:353][  0]LogInit: Setting process to per monitor DPI aware
[2025.06.26-10.26.22:365][  0]LogWindowsTextInputMethodSystem: Display: IME system deactivated.
[2025.06.26-10.26.22:380][  0]LogSlate: New Slate User Created.  User Index 0, Is Virtual User: 0
[2025.06.26-10.26.22:380][  0]LogSlate: Slate User Registered.  User Index 0, Is Virtual User: 0
[2025.06.26-10.26.22:544][  0]LogD3D11RHI: Loaded GFSDK_Aftermath_Lib.x64.dll
[2025.06.26-10.26.22:546][  0]LogHMD: Failed to initialize OpenVR with code 110
[2025.06.26-10.26.22:546][  0]LogD3D11RHI: D3D11 min allowed feature level: 11_0
[2025.06.26-10.26.22:546][  0]LogD3D11RHI: D3D11 max allowed feature level: 11_0
[2025.06.26-10.26.22:546][  0]LogD3D11RHI: D3D11 adapters:
[2025.06.26-10.26.22:601][  0]LogD3D11RHI:    0. 'AMD Radeon RX 6700 XT' (Feature Level 11_0)
[2025.06.26-10.26.22:601][  0]LogD3D11RHI:       12216/0/16344 MB DedicatedVideo/DedicatedSystem/SharedSystem, Outputs:2, VendorId:0x1002
[2025.06.26-10.26.22:603][  0]LogD3D11RHI:    1. 'Microsoft Basic Render Driver' (Feature Level 11_0)
[2025.06.26-10.26.22:603][  0]LogD3D11RHI:       0/0/16344 MB DedicatedVideo/DedicatedSystem/SharedSystem, Outputs:0, VendorId:0x1414
[2025.06.26-10.26.22:603][  0]LogD3D11RHI: Chosen D3D11 Adapter:
[2025.06.26-10.26.22:603][  0]LogD3D11RHI:     Description : AMD Radeon RX 6700 XT
[2025.06.26-10.26.22:603][  0]LogD3D11RHI:     VendorId    : 1002
[2025.06.26-10.26.22:603][  0]LogD3D11RHI:     DeviceId    : 73df
[2025.06.26-10.26.22:603][  0]LogD3D11RHI:     SubSysId    : e4451da2
[2025.06.26-10.26.22:603][  0]LogD3D11RHI:     Revision    : 00c5
[2025.06.26-10.26.22:603][  0]LogD3D11RHI:     DedicatedVideoMemory : 12809637888 bytes
[2025.06.26-10.26.22:603][  0]LogD3D11RHI:     DedicatedSystemMemory : 0 bytes
[2025.06.26-10.26.22:603][  0]LogD3D11RHI:     SharedSystemMemory : 17138636800 bytes
[2025.06.26-10.26.22:603][  0]LogD3D11RHI:     AdapterLuid : 0 86595
[2025.06.26-10.26.22:609][  0]LogD3D11RHI: Creating new Direct3DDevice
[2025.06.26-10.26.22:609][  0]LogD3D11RHI:     GPU DeviceId: 0x73df (for the marketing name, search the web for "GPU Device Id")
[2025.06.26-10.26.22:609][  0]LogWindows: EnumDisplayDevices:
[2025.06.26-10.26.22:609][  0]LogWindows:    0. 'AMD Radeon RX 6700 XT' (P:1 D:1)
[2025.06.26-10.26.22:610][  0]LogWindows:    1. 'AMD Radeon RX 6700 XT' (P:0 D:1)
[2025.06.26-10.26.22:610][  0]LogWindows:    2. 'AMD Radeon RX 6700 XT' (P:0 D:0)
[2025.06.26-10.26.22:610][  0]LogWindows:    3. 'AMD Radeon RX 6700 XT' (P:0 D:0)
[2025.06.26-10.26.22:610][  0]LogWindows:    4. 'AMD Radeon RX 6700 XT' (P:0 D:0)
[2025.06.26-10.26.22:610][  0]LogWindows:    5. 'AMD Radeon RX 6700 XT' (P:0 D:0)
[2025.06.26-10.26.22:611][  0]LogWindows:    6. 'AMD Radeon RX 6700 XT' (P:0 D:0)
[2025.06.26-10.26.22:611][  0]LogWindows: DebugString: FoundDriverCount:7 
[2025.06.26-10.26.22:611][  0]LogD3D11RHI:     Adapter Name: AMD Radeon RX 6700 XT
[2025.06.26-10.26.22:611][  0]LogD3D11RHI:   Driver Version: AMD Software: Adrenalin Edition 24.12.1 (internal:32.0.12033.1030, unified:32.0.12033.1030)
[2025.06.26-10.26.22:611][  0]LogD3D11RHI:      Driver Date: 11-27-2024
[2025.06.26-10.26.22:611][  0]LogRHI: Texture pool is 8013 MB (70% of 11448 MB)
[2025.06.26-10.26.22:632][  0]LogD3D11RHI: Creating D3DDevice with AMD AGS, using adapter:
[2025.06.26-10.26.22:632][  0]LogD3D11RHI:     Description : AMD Radeon RX 6700 XT
[2025.06.26-10.26.22:632][  0]LogD3D11RHI:     VendorId    : 1002
[2025.06.26-10.26.22:632][  0]LogD3D11RHI:     DeviceId    : 73df
[2025.06.26-10.26.22:632][  0]LogD3D11RHI:     SubSysId    : e4451da2
[2025.06.26-10.26.22:632][  0]LogD3D11RHI:     Revision    : 00c5
[2025.06.26-10.26.22:632][  0]LogD3D11RHI:     DedicatedVideoMemory : 12809637888 bytes
[2025.06.26-10.26.22:632][  0]LogD3D11RHI:     DedicatedSystemMemory : 0 bytes
[2025.06.26-10.26.22:632][  0]LogD3D11RHI:     SharedSystemMemory : 17138636800 bytes
[2025.06.26-10.26.22:632][  0]LogD3D11RHI:     AdapterLuid : 0 86595
[2025.06.26-10.26.22:681][  0]LogD3D11RHI: Created device via AGS, feature level 11_0, supported extensions 1fffffbf.
[2025.06.26-10.26.22:681][  0]LogD3D11RHI: RHI has support for 64 bit atomics
[2025.06.26-10.26.22:681][  0]LogD3D11RHI: Async texture creation enabled
[2025.06.26-10.26.22:681][  0]LogD3D11RHI: Array index from any shader is supported
[2025.06.26-10.26.22:681][  0]LogD3D11RHI: HDR output is supported on display 0 (AMD Device: 0x0, Display: 0x0).
[2025.06.26-10.26.22:693][  0]LogD3D11RHI: GPU Timing Frequency: 100.000000 (Debug: 2 1)
[2025.06.26-10.26.22:912][  0]LogTargetPlatformManager: Display: Loaded TargetPlatform 'AllDesktop'
[2025.06.26-10.26.22:930][  0]LogTargetPlatformManager: Display: Loaded TargetPlatform 'Android'
[2025.06.26-10.26.22:930][  0]LogTargetPlatformManager: Display: Loaded TargetPlatform 'Android_ASTC'
[2025.06.26-10.26.22:930][  0]LogTargetPlatformManager: Display: Loaded TargetPlatform 'Android_DXT'
[2025.06.26-10.26.22:930][  0]LogTargetPlatformManager: Display: Loaded TargetPlatform 'Android_ETC2'
[2025.06.26-10.26.22:930][  0]LogTargetPlatformManager: Display: Loaded TargetPlatform 'AndroidClient'
[2025.06.26-10.26.22:930][  0]LogTargetPlatformManager: Display: Loaded TargetPlatform 'Android_ASTCClient'
[2025.06.26-10.26.22:930][  0]LogTargetPlatformManager: Display: Loaded TargetPlatform 'Android_DXTClient'
[2025.06.26-10.26.22:930][  0]LogTargetPlatformManager: Display: Loaded TargetPlatform 'Android_ETC2Client'
[2025.06.26-10.26.22:930][  0]LogTargetPlatformManager: Display: Loaded TargetPlatform 'Android_Multi'
[2025.06.26-10.26.22:930][  0]LogTargetPlatformManager: Display: Loaded TargetPlatform 'Android_MultiClient'
[2025.06.26-10.26.22:945][  0]LogTargetPlatformManager: Display: Loaded TargetPlatform 'IOSClient'
[2025.06.26-10.26.22:945][  0]LogTargetPlatformManager: Display: Loaded TargetPlatform 'IOS'
[2025.06.26-10.26.22:952][  0]LogTargetPlatformManager: Display: Loaded TargetPlatform 'Linux'
[2025.06.26-10.26.22:956][  0]LogTargetPlatformManager: Display: Loaded TargetPlatform 'LinuxNoEditor'
[2025.06.26-10.26.22:960][  0]LogTargetPlatformManager: Display: Loaded TargetPlatform 'LinuxClient'
[2025.06.26-10.26.22:963][  0]LogTargetPlatformManager: Display: Loaded TargetPlatform 'LinuxServer'
[2025.06.26-10.26.22:970][  0]LogTargetPlatformManager: Display: Loaded TargetPlatform 'LinuxAArch64NoEditor'
[2025.06.26-10.26.22:974][  0]LogTargetPlatformManager: Display: Loaded TargetPlatform 'LinuxAArch64Client'
[2025.06.26-10.26.22:978][  0]LogTargetPlatformManager: Display: Loaded TargetPlatform 'LinuxAArch64Server'
[2025.06.26-10.26.22:997][  0]LogTargetPlatformManager: Display: Loaded TargetPlatform 'Lumin'
[2025.06.26-10.26.22:997][  0]LogTargetPlatformManager: Display: Loaded TargetPlatform 'LuminClient'
[2025.06.26-10.26.23:005][  0]LogTargetPlatformManager: Display: Loaded TargetPlatform 'MacNoEditor'
[2025.06.26-10.26.23:008][  0]LogTargetPlatformManager: Display: Loaded TargetPlatform 'Mac'
[2025.06.26-10.26.23:012][  0]LogTargetPlatformManager: Display: Loaded TargetPlatform 'MacClient'
[2025.06.26-10.26.23:016][  0]LogTargetPlatformManager: Display: Loaded TargetPlatform 'MacServer'
[2025.06.26-10.26.23:023][  0]LogTargetPlatformManager: Display: Loaded TargetPlatform 'TVOSClient'
[2025.06.26-10.26.23:023][  0]LogTargetPlatformManager: Display: Loaded TargetPlatform 'TVOS'
[2025.06.26-10.26.23:031][  0]LogTargetPlatformManager: Display: Loaded TargetPlatform 'WindowsNoEditor'
[2025.06.26-10.26.23:034][  0]LogTargetPlatformManager: Display: Loaded TargetPlatform 'Windows'
[2025.06.26-10.26.23:038][  0]LogTargetPlatformManager: Display: Loaded TargetPlatform 'WindowsClient'
[2025.06.26-10.26.23:043][  0]LogTargetPlatformManager: Display: Loaded TargetPlatform 'WindowsServer'
[2025.06.26-10.26.23:043][  0]LogTargetPlatformManager: Display: Building Assets For Windows
[2025.06.26-10.26.23:049][  0]LogAudioDebug: Display: Lib vorbis DLL was dynamically loaded.
[2025.06.26-10.26.23:074][  0]LogTextureFormatOodle: Display: Oodle Texture 2.9.0 init RDO Off
[2025.06.26-10.26.23:099][  0]LogRendererCore: Ray tracing is disabled. Reason: r.RayTracing=0.
[2025.06.26-10.26.23:099][  0]LogShaderCompilers: Guid format shader working directory is -6 characters bigger than the processId version (C:/Users/Julka/Documents/GitHub/topdownshooter 4.27/Intermediate/Shaders/WorkingDirectory/10624/).
[2025.06.26-10.26.23:100][  0]LogShaderCompilers: Cleaned the shader compiler working directory 'C:/Users/Julka/AppData/Local/Temp/UnrealShaderWorkingDir/9226C3ED41DD2106D20F05B2E6D8A968/'.
[2025.06.26-10.26.23:100][  0]LogXGEController: Cannot use XGE Controller as Incredibuild is not installed on this machine.
[2025.06.26-10.26.23:100][  0]LogShaderCompilers: Cannot use XGE Shader Compiler as Incredibuild is not installed on this machine.
[2025.06.26-10.26.23:100][  0]LogShaderCompilers: Display: Using Local Shader Compiler.
[2025.06.26-10.26.23:658][  0]LogDerivedDataCache: Display: Max Cache Size: 512 MB
[2025.06.26-10.26.23:712][  0]LogDerivedDataCache: Loaded boot cache 0.05s 94MB C:/Users/Julka/AppData/Local/UnrealEngine/4.27/DerivedDataCache/Boot.ddc.
[2025.06.26-10.26.23:712][  0]LogDerivedDataCache: Display: Loaded Boot cache: C:/Users/Julka/AppData/Local/UnrealEngine/4.27/DerivedDataCache/Boot.ddc
[2025.06.26-10.26.23:713][  0]LogDerivedDataCache: FDerivedDataBackendGraph:  Pak pak cache file C:/Users/Julka/Documents/GitHub/topdownshooter 4.27/DerivedDataCache/DDC.ddp not found, will not use a pak cache.
[2025.06.26-10.26.23:713][  0]LogDerivedDataCache: Unable to find inner node Pak for hierarchical cache Hierarchy.
[2025.06.26-10.26.23:713][  0]LogDerivedDataCache: FDerivedDataBackendGraph:  CompressedPak pak cache file C:/Users/Julka/Documents/GitHub/topdownshooter 4.27/DerivedDataCache/Compressed.ddp not found, will not use a pak cache.
[2025.06.26-10.26.23:713][  0]LogDerivedDataCache: Unable to find inner node CompressedPak for hierarchical cache Hierarchy.
[2025.06.26-10.26.23:727][  0]LogDerivedDataCache: Display: Pak cache opened for reading ../../../Engine/DerivedDataCache/Compressed.ddp.
[2025.06.26-10.26.23:727][  0]LogDerivedDataCache: FDerivedDataBackendGraph:  EnterprisePak pak cache file ../../../Enterprise/DerivedDataCache/Compressed.ddp not found, will not use a pak cache.
[2025.06.26-10.26.23:727][  0]LogDerivedDataCache: Unable to find inner node EnterprisePak for hierarchical cache Hierarchy.
[2025.06.26-10.26.23:738][  0]LogDerivedDataCache: Speed tests for C:/Users/Julka/AppData/Local/UnrealEngine/Common/DerivedDataCache took 0.01 seconds
[2025.06.26-10.26.23:739][  0]LogDerivedDataCache: Display: Performance to C:/Users/Julka/AppData/Local/UnrealEngine/Common/DerivedDataCache: Latency=0.03ms. RandomReadSpeed=1407.34MBs, RandomWriteSpeed=85.98MBs. Assigned SpeedClass 'Local'
[2025.06.26-10.26.23:739][  0]LogDerivedDataCache: Using Local data cache path C:/Users/Julka/AppData/Local/UnrealEngine/Common/DerivedDataCache: Writable
[2025.06.26-10.26.23:739][  0]LogDerivedDataCache: Shared data cache path not found in *engine.ini, will not use an Shared cache.
[2025.06.26-10.26.23:739][  0]LogDerivedDataCache: Unable to find inner node Shared for hierarchical cache Hierarchy.
[2025.06.26-10.26.23:774][  0]LogSlate: Using FreeType 2.10.0
[2025.06.26-10.26.23:774][  0]LogSlate: SlateFontServices - WITH_FREETYPE: 1, WITH_HARFBUZZ: 1
[2025.06.26-10.26.23:794][  0]LogAssetRegistry: FAssetRegistry took 0.0026 seconds to start up
[2025.06.26-10.26.23:966][  0]LogInit: Selected Device Profile: [Windows]
[2025.06.26-10.26.23:966][  0]LogInit: Active device profile: [00000241AC530D00][00000241A3D31200 49] Windows
[2025.06.26-10.26.23:966][  0]LogInit: Profiles: [00000241AC530D00][00000241A3D31200 49] Windows, [00000241AC4DA300][00000241A3D57380 49] WindowsNoEditor, [00000241AC531C00][00000241AC9AF500 49] WindowsServer, [00000241AC4DB100][00000241ACA1B680 49] WindowsClient, [00000241AC532900][00000241AA453800 49] IOS, [00000241AC4D9A00][00000241AA501980 49] iPadAir, [00000241AC533E00][00000241AA505B00 49] iPadAir2, [00000241AC1F9100][00000241AA51C240 49] IPadPro, [00000241AC1F9200][00000241AA50C280 49] iPadAir3, [00000241AC4D8C00][00000241A4744400 49] iPadAir4, [00000241AC1F9E00][00000241A3D34540 49] iPadMini2, [00000241AC4DB300][00000241A4754680 49] iPadMini3, [00000241AC1FB900][00000241A477E7C0 49] iPadMini4, [00000241AC4D9000][00000241A4786900 49] iPadMini5, [00000241AC1FC900][00000241A4796BC0 49] iPhone6, [00000241AC1FCA00][00000241A4792C00 49] iPodTouch6, [00000241AC532E00][00000241A48CAEC0 49] iPhone7, [00000241AC532F00][00000241A48C6F00 49] iPodTouch7, [00000241AC1FBE00][00000241AC903080 49] iPhone5S, [00000241AC531100][00000241AA591200 49] iPhone6Plus, [00000241AC1FC100][00000241AA595380 49] iPhone6S, [00000241AC1F8300][00000241AC907500 49] iPhone6SPlus, [00000241AC1FE800][00000241AC90B680 49] iPhone7Plus, [00000241AC1FA300][00000241AC90F800 49] iPhoneSE, [00000241AC1FE600][00000241AC913980 49] iPhone8, [00000241AC1F9000][00000241AC917B00 49] iPhone8Plus, [00000241AC1FF100][00000241AC91A100 49] iPhoneX, [00000241AC531500][00000241AD03A280 49] iPhoneXS, [00000241AC1FEB00][00000241AA4F2400 49] iPhoneXSMax, [00000241AC530700][00000241AC99E580 49] iPhoneXR, [00000241AC1FC700][00000241AC9A2700 49] iPhone11, [00000241AC530E00][00000241A478E840 49] iPhone11Pro, [00000241AC1FDA00][00000241AC9AA980 49] iPhone11ProMax, [00000241AC533800][00000241ACAECAC0 49] iPhoneSE2, [00000241AC1FF800][00000241ACC0EC40 49] iPhone12Mini, [00000241AC532300][00000241ACC12DC0 49] iPhone12, [00000241AC1FE300][00000241ACC16F40 49] iPhone12Pro, [00000241AC530500][00000241ACC1B0C0 49] iPhone12ProMax, [00000241AC1FD500][00000241ACC1F240 49] iPadPro105, [00000241AC530A00][00000241ACC233C0 49] iPadPro129, [00000241AC1FFD00][00000241ACC27540 49] iPadPro97, [00000241AC531200][00000241ACC2B6C0 49] iPadPro2_129, [00000241AC1FEA00][00000241ACC2F840 49] iPad5, [00000241AC531D00][00000241ACC3D9C0 49] iPad6, [00000241AC1FD300][00000241AC969B40 49] iPad7, [00000241AC533A00][00000241AC980140 49] iPad8, [00000241AC1FC300][00000241AC98C2C0 49] iPadPro11, [00000241AC530100][00000241AD2D6440 49] iPadPro2_11, [00000241AC1FD600][00000241AD2DA5C0 49] iPadPro3_129, [00000241AC533300][00000241AD2DE740 49] iPadPro4_129, [00000241AC1FD000][00000241AD3288C0 49] AppleTV, [00000241AC531B00][00000241ACC0AA00 49] AppleTV4K, [00000241AC1FF200][00000241AD584B40 49] TVOS, [00000241AC533B00][00000241AA570C80 49] Mac, [00000241AC1FF700][00000241AA574DC0 49] MacClient, [00000241AC533F00][00000241AA57CF40 49] MacNoEditor, [00000241AC1FF000][00000241AA5810C0 49] MacServer, [00000241AC532C00][00000241AD35B240 49] Linux, [00000241AC1FDD00][00000241AD2E33C0 49] LinuxAArch64, [00000241AC532A00][00000241AD015540 49] LinuxNoEditor, [00000241AC1FF900][00000241AD0196C0 49] LinuxAArch64NoEditor, [00000241AC533100][00000241AD01D840 49] LinuxClient, [00000241AC1FEF00][00000241AD0219C0 49] LinuxAArch64Client, [00000241AC533200][00000241AD025B40 49] LinuxServer, [00000241AC1FFF00][00000241AD028140 49] LinuxAArch64Server, [00000241AC530200][00000241AA4FA2C0 49] Android, [00000241AC1FC500][00000241AA4F6440 49] Android_Low, [00000241AC532200][00000241AA4EE5C0 49] Android_Mid, [00000241AC1FFB00][00000241A4782740 49] Android_High, [00000241AC532000][00000241A478A8C0 49] Android_Default, [00000241AC1FF300][00000241AD02CA40 49] Android_Adreno4xx, [00000241AC533700][00000241AA578B80 49] Android_Adreno5xx_Low, [00000241AC1FCB00][00000241AD030CC0 49] Android_Adreno5xx, [00000241AC532600][00000241AD034E00 49] Android_Adreno6xx, [00000241AC4D8500][00000241ACAB6F40 49] Android_Adreno6xx_Vulkan, [00000241AC1F9300][00000241ACABF0C0 49] Android_Mali_T6xx, [00000241AC4DBE00][00000241ACAC3240 49] Android_Mali_T7xx, [00000241AC1FB300][00000241ACAC73C0 49] Android_Mali_T8xx, [00000241AC4DAE00][00000241ACACB540 49] Android_Mali_G71, [00000241AC1FA800][00000241ACACF6C0 49] Android_Mali_G72, [00000241AC4D9400][00000241ACAD3840 49] Android_Mali_G72_Vulkan, [00000241AC1F9500][00000241ACAD79C0 49] Android_Mali_G76, [00000241AC4DBA00][00000241ACADBB40 49] Android_Mali_G76_Vulkan, [00000241AC1FAC00][00000241ACADE140 49] Android_Mali_G77, [00000241AC4DB600][00000241ACAE22C0 49] Android_Mali_G77_Vulkan, [00000241AC1F9700][00000241ACAE6440 49] Android_Mali_G78, [00000241AC4DA200][00000241AD5885C0 49] Android_Mali_G78_Vulkan, [00000241AC1F8B00][00000241AD58C740 49] Android_Mali_G710, [00000241AC4D8300][00000241AD5908C0 49] Android_Mali_G710_Vulkan, [00000241AC1F8200][00000241AD594A40 49] Android_Vulkan_SM5, [00000241AC4D8800][00000241AD598BC0 49] Android_PowerVR_G6xxx, [00000241AC1FA500][00000241AD59CD40 49] Android_PowerVR_GT7xxx, [00000241AC4D8E00][00000241ACABAE80 49] Android_PowerVR_GE8xxx, [00000241AC1F9400][00000241AD5A0FC0 49] Android_PowerVR_GM9xxx, [00000241AC4DB400][00000241AD5A5100 49] Android_PowerVR_GM9xxx_Vulkan, [00000241AC1F8600][00000241AD5AD280 49] Android_TegraK1, [00000241AC4D9E00][00000241AD5B1400 49] Android_Unknown_Vulkan, [00000241AC1FA100][00000241AD5B5580 49] Lumin, [00000241AC4D9100][00000241AD5B9700 49] Lumin_Desktop, [00000241AC1FB400][00000241AD5BD880 49] HoloLens, 
[2025.06.26-10.26.24:058][  0]LogMeshReduction: Using QuadricMeshReduction for automatic static mesh reduction
[2025.06.26-10.26.24:058][  0]LogMeshReduction: Using SimplygonMeshReduction for automatic skeletal mesh reduction
[2025.06.26-10.26.24:058][  0]LogMeshReduction: Using ProxyLODMeshReduction for automatic mesh merging
[2025.06.26-10.26.24:058][  0]LogMeshReduction: No distributed automatic mesh merging module available
[2025.06.26-10.26.24:058][  0]LogMeshMerging: No distributed automatic mesh merging module available
[2025.06.26-10.26.24:073][  0]LogNetVersion: topdownshooter 1.0.0, NetCL: 17155196, EngineNetVer: 17, GameNetVer: 0 (Checksum: 3675636926)
[2025.06.26-10.26.24:351][  0]LogTexture: Default maximum texture size for cubemaps generated from long-lat sources has been changed from 512 to unlimited. In order to preserve old behaiour for '/Engine/MapTemplates/Sky/DaylightAmbientCubemap.DaylightAmbientCubemap', its maximum texture size has been explicitly set to 512.
[2025.06.26-10.26.24:392][  0]LogHMD: PokeAHoleMaterial loaded successfully
[2025.06.26-10.26.24:396][  0]LogUObjectArray: 17178 objects as part of root set at end of initial load.
[2025.06.26-10.26.24:396][  0]LogUObjectAllocator: 4302048 out of 0 bytes used by permanent object pool.
[2025.06.26-10.26.24:397][  0]LogUObjectArray: CloseDisregardForGC: 0/0 objects in disregard for GC pool
[2025.06.26-10.26.24:607][  0]LogNiagaraDebuggerClient: Niagara Debugger Client Initialized | Session: E75358154C53B6AF325DE4B65125D9E2 | Instance: 5E427BCC48E84F9BAE3A8FA9BA704EB4 (AZU-PC-10624).
[2025.06.26-10.26.24:692][  0]LogPython: Using Python 3.7.7
[2025.06.26-10.26.25:048][  0]LogTcpMessaging: Initializing TcpMessaging bridge
[2025.06.26-10.26.25:051][  0]LogUdpMessaging: Initializing bridge on interface 0.0.0.0:0 to multicast group 230.0.0.1:6666.
[2025.06.26-10.26.25:160][  0]SourceControl: Source control is disabled
[2025.06.26-10.26.25:161][  0]SourceControl: Source control is disabled
[2025.06.26-10.26.25:175][  0]SourceControl: Source control is disabled
[2025.06.26-10.26.25:177][  0]SourceControl: Source control is disabled
[2025.06.26-10.26.25:186][  0]SourceControl: Source control is disabled
[2025.06.26-10.26.25:190][  0]LogUProjectInfo: Found projects:
[2025.06.26-10.26.25:196][  0]LogVSAccessor: Display: Unable to create Visual Studio setup instance: 80040154
[2025.06.26-10.26.25:196][  0]LogVSAccessor: Display: Unable to create Visual Studio setup instance: 80040154
[2025.06.26-10.26.25:196][  0]LogVSAccessor: Display: Unable to create Visual Studio setup instance: 80040154
[2025.06.26-10.26.25:341][  0]LogOpenImageDenoise: OIDN starting up
[2025.06.26-10.26.25:369][  0]LogAndroidPermission: UAndroidPermissionCallbackProxy::GetInstance
[2025.06.26-10.26.25:385][  0]LogAudioCaptureCore: Display: No Audio Capture implementations found. Audio input will be silent.
[2025.06.26-10.26.25:385][  0]LogAudioCaptureCore: Display: No Audio Capture implementations found. Audio input will be silent.
[2025.06.26-10.26.25:477][  0]LogCollectionManager: Loaded 0 collections in 0.000537 seconds
[2025.06.26-10.26.25:496][  0]LogFileCache: Scanning file cache for directory 'C:/Users/Julka/Documents/GitHub/topdownshooter 4.27/Saved/Collections/' took 0.00s
[2025.06.26-10.26.25:496][  0]LogFileCache: Scanning file cache for directory 'C:/Users/Julka/Documents/GitHub/topdownshooter 4.27/Content/Developers//Collections/' took 0.00s
[2025.06.26-10.26.25:496][  0]LogFileCache: Scanning file cache for directory 'C:/Users/Julka/Documents/GitHub/topdownshooter 4.27/Content/Collections/' took 0.00s
[2025.06.26-10.26.25:496][  0]LogOcInput: OculusInput pre-init called
[2025.06.26-10.26.25:679][  0]LogEngine: Initializing Engine...
[2025.06.26-10.26.25:685][  0]LogHMD: Failed to enumerate extensions. Please check that you have a valid OpenXR runtime installed.
[2025.06.26-10.26.25:686][  0]LogHMD: Failed to initialize OpenVR with code 110
[2025.06.26-10.26.25:686][  0]LogMagicLeap: Warning: VR disabled because ZI is not enabled.  To enable, in the editor, Edit -> Project Settings -> Plugins -> Magic Leap Plugin -> Enable Zero Iteration
[2025.06.26-10.26.25:687][  0]LogStats: UGameplayTagsManager::InitializeManager -  0.000 s
[2025.06.26-10.26.25:787][  0]LogInit: Initializing FReadOnlyCVARCache
[2025.06.26-10.26.25:794][  0]LogAIModule: Creating AISystem for world Untitled
[2025.06.26-10.26.25:795][  0]LogAudio: Display: Initializing Audio Device Manager...
[2025.06.26-10.26.25:798][  0]LogAudio: Display: Loading Default Audio Settings Objects...
[2025.06.26-10.26.25:798][  0]LogAudio: Display: No default SoundConcurrencyObject specified (or failed to load).
[2025.06.26-10.26.25:798][  0]LogAudio: Display: Audio Device Manager Initialized
[2025.06.26-10.26.25:798][  0]LogAudio: Display: Creating Audio Device:                 Id: 1, Scope: Shared, Realtime: True
[2025.06.26-10.26.25:798][  0]LogAudioMixer: Display: Audio Mixer Platform Settings:
[2025.06.26-10.26.25:798][  0]LogAudioMixer: Display: 	Sample Rate:						  48000
[2025.06.26-10.26.25:798][  0]LogAudioMixer: Display: 	Callback Buffer Frame Size Requested: 1024
[2025.06.26-10.26.25:798][  0]LogAudioMixer: Display: 	Callback Buffer Frame Size To Use:	  1024
[2025.06.26-10.26.25:798][  0]LogAudioMixer: Display: 	Number of buffers to queue:			  2
[2025.06.26-10.26.25:798][  0]LogAudioMixer: Display: 	Max Channels (voices):				  32
[2025.06.26-10.26.25:798][  0]LogAudioMixer: Display: 	Number of Async Source Workers:		  0
[2025.06.26-10.26.25:798][  0]LogAudio: Display: AudioDevice MaxSources: 32
[2025.06.26-10.26.25:799][  0]LogAudio: Display: Audio Spatialization Plugin: None (built-in).
[2025.06.26-10.26.25:799][  0]LogAudio: Display: Audio Reverb Plugin: None (built-in).
[2025.06.26-10.26.25:799][  0]LogAudio: Display: Audio Occlusion Plugin: None (built-in).
[2025.06.26-10.26.25:799][  0]LogAudioMixer: Display: Initializing audio mixer.
[2025.06.26-10.26.25:809][  0]LogAudioMixer: Display: 0: FrontLeft
[2025.06.26-10.26.25:810][  0]LogAudioMixer: Display: 1: FrontRight
[2025.06.26-10.26.25:828][  0]LogAudioMixer: Display: Using Audio Device Headphones (JBL Tune 770NC Stereo)
[2025.06.26-10.26.25:829][  0]LogAudioMixer: Display: Initializing Sound Submixes...
[2025.06.26-10.26.25:831][  0]LogAudioMixer: Display: Creating Master Submix 'MasterSubmixDefault'
[2025.06.26-10.26.25:832][  0]LogAudioMixer: Display: Creating Master Submix 'MasterReverbSubmixDefault'
[2025.06.26-10.26.25:832][  0]LogAudioMixer: Display: Creating Master Submix 'MasterEQSubmixDefault'
[2025.06.26-10.26.25:832][  0]LogAudioMixer: FMixerPlatformXAudio2::StartAudioStream() called
[2025.06.26-10.26.25:832][  0]LogAudioMixer: Display: Output buffers initialized: Frames=1024, Channels=2, Samples=2048
[2025.06.26-10.26.25:833][  0]LogAudioMixer: Display: Starting AudioMixerPlatformInterface::RunInternal()
[2025.06.26-10.26.25:833][  0]LogAudioMixer: Display: FMixerPlatformXAudio2::SubmitBuffer() called for the first time
[2025.06.26-10.26.25:833][  0]LogInit: FAudioDevice initialized.
[2025.06.26-10.26.25:833][  0]LogAudio: Display: Audio Device (ID: 1) registered with world 'Untitled'.
[2025.06.26-10.26.25:833][  0]LogNetVersion: Set ProjectVersion to 1.0.0.0. Version Checksum will be recalculated on next use.
[2025.06.26-10.26.25:869][  0]LogDerivedDataCache: Saved boot cache 0.04s 94MB C:/Users/Julka/AppData/Local/UnrealEngine/4.27/DerivedDataCache/Boot.ddc.
[2025.06.26-10.26.25:869][  0]LogInit: Texture streaming: Enabled
[2025.06.26-10.26.25:880][  0]LogAnalytics: Display: [UEEditor.Rocket.Release] APIServer = https://datarouter.ol.epicgames.com/. AppVersion = 4.27.2-18319896+++UE4+Release-4.27
[2025.06.26-10.26.25:883][  0]LogEngineSessionManager: EngineSessionManager initialized
[2025.06.26-10.26.25:883][  0]LogEditorSessionSummary: Verbose: Initializing EditorSessionSummaryWriter for editor session tracking
[2025.06.26-10.26.25:884][  0]LogEditorSessionSummary: EditorSessionSummaryWriter initialized
[2025.06.26-10.26.26:024][  0]LogLauncherPlatform: Warning: FPlatformProcess::LaunchURL had an error: Failed launching URL
[2025.06.26-10.26.26:033][  0]LogInit: Transaction tracking system initialized
[2025.06.26-10.26.26:050][  0]BlueprintLog: New page: Editor Load
[2025.06.26-10.26.26:096][  0]LocalizationService: Localization service is disabled
[2025.06.26-10.26.26:114][  0]TimingProfiler: Initialize
[2025.06.26-10.26.26:114][  0]TimingProfiler: OnSessionChanged
[2025.06.26-10.26.26:114][  0]LoadingProfiler: Initialize
[2025.06.26-10.26.26:114][  0]LoadingProfiler: OnSessionChanged
[2025.06.26-10.26.26:114][  0]NetworkingProfiler: Initialize
[2025.06.26-10.26.26:114][  0]NetworkingProfiler: OnSessionChanged
[2025.06.26-10.26.26:114][  0]MemoryProfiler: Initialize
[2025.06.26-10.26.26:114][  0]MemoryProfiler: OnSessionChanged
[2025.06.26-10.26.26:154][  0]LogVSAccessor: Display: Unable to create Visual Studio setup instance: 80040154
[2025.06.26-10.26.26:155][  0]LogVSAccessor: Display: Unable to create Visual Studio setup instance: 80040154
[2025.06.26-10.26.26:155][  0]LogVSAccessor: Display: Unable to create Visual Studio setup instance: 80040154
[2025.06.26-10.26.26:217][  0]LogCook: Display: CookSettings for Memory: MemoryMaxUsedVirtual 0MiB, MemoryMaxUsedPhysical 16384MiB, MemoryMinFreeVirtual 0MiB, MemoryMinFreePhysical 1024MiB
[2025.06.26-10.26.26:217][  0]LogCook: Display: Mobile HDR setting 1
[2025.06.26-10.26.26:253][  0]LogFileCache: Scanning file cache for directory 'C:/Users/Julka/Documents/GitHub/topdownshooter 4.27/Content/' took 0.01s
[2025.06.26-10.26.26:490][  0]LogInit: Display: Engine is initialized. Leaving FEngineLoop::Init()
[2025.06.26-10.26.26:493][  0]SourceControl: Source control is disabled
[2025.06.26-10.26.26:493][  0]LogUnrealEdMisc: Loading editor; pre map load, took 5.045
[2025.06.26-10.26.26:493][  0]Cmd: MAP LOAD FILE="../../../Engine/Content/Maps/Templates/Template_Default.umap" TEMPLATE=1 SHOWPROGRESS=1 FEATURELEVEL=3
[2025.06.26-10.26.26:493][  0]LightingResults: New page: Lighting Build
[2025.06.26-10.26.26:494][  0]LogWorld: UWorld::CleanupWorld for Untitled, bSessionEnded=true, bCleanupResources=true
[2025.06.26-10.26.26:494][  0]LogSlate: InvalidateAllWidgets triggered.  All widgets were invalidated
[2025.06.26-10.26.26:494][  0]MapCheck: New page: Map Check
[2025.06.26-10.26.26:494][  0]LightingResults: New page: Lighting Build
[2025.06.26-10.26.26:497][  0]LogAudio: Display: Audio Device unregistered from world 'None'.
[2025.06.26-10.26.26:499][  0]LogUObjectHash: Compacting FUObjectHashTables data took   0.66ms
[2025.06.26-10.26.26:537][  0]LogTexture: Display: Building textures: DeprecatedTextureEB9CBE3C423008B5E8E130901E171C89 (BGRA8, 128X128)
[2025.06.26-10.26.26:540][  0]LogAudio: Display: Audio Device (ID: 1) registered with world 'Untitled_1'.
[2025.06.26-10.26.26:541][  0]LogAIModule: Creating AISystem for world Untitled_1
[2025.06.26-10.26.26:544][  0]LogEditorServer: Finished looking for orphan Actors (0.000 secs)
[2025.06.26-10.26.26:552][  0]LogUObjectHash: Compacting FUObjectHashTables data took   0.67ms
[2025.06.26-10.26.26:552][  0]Cmd: MAP CHECKDEP NOCLEARLOG
[2025.06.26-10.26.26:552][  0]MapCheck: Map check complete: 0 Error(s), 0 Warning(s), took 0,147ms to complete.
[2025.06.26-10.26.26:552][  0]LogFileHelpers: Loading map 'Template_Default' took 0.060
[2025.06.26-10.26.26:553][  0]LogUnrealEdMisc: Total Editor Startup Time, took 5.106
[2025.06.26-10.26.26:643][  0]LogSlate: Updating window title bar state: overlay mode, drag disabled, window buttons hidden, title bar hidden
[2025.06.26-10.26.26:647][  0]LogSlate: Updating window title bar state: overlay mode, drag disabled, window buttons hidden, title bar hidden
[2025.06.26-10.26.26:651][  0]LogSlate: Updating window title bar state: overlay mode, drag disabled, window buttons hidden, title bar hidden
[2025.06.26-10.26.26:655][  0]LogSlate: Updating window title bar state: overlay mode, drag disabled, window buttons hidden, title bar hidden
[2025.06.26-10.26.26:666][  0]LogNativeClassHierarchy: Verbose: Native class hierarchy populated in 0.0078 seconds. Added 3822 classes and 928 folders.
[2025.06.26-10.26.26:668][  0]LogNativeClassHierarchy: Verbose: Native class hierarchy updated for 'WidgetCarousel' in 0.0002 seconds. Added 0 classes and 0 folders.
[2025.06.26-10.26.26:669][  0]LogPakFile: PakFile PrimaryIndexSize=187
[2025.06.26-10.26.26:669][  0]LogPakFile: PakFile PathHashIndexSize=101
[2025.06.26-10.26.26:669][  0]LogPakFile: PakFile FullDirectoryIndexSize=148
[2025.06.26-10.26.26:669][  0]LogShaderLibrary: Display: ShaderCodeLibraryPakFileMountedCallback: PakFile 'D:/PROGRAMY/epic/UE_4.27/FeaturePacks/FP_FirstPerson.upack' (chunk index -1, root 'root:/') mounted
[2025.06.26-10.26.26:669][  0]LogShaderLibrary: Display: ShaderCodeLibraryPakFileMountedCallback: pending pak file info (ChunkID:-1 Root:root:/ File:D:/PROGRAMY/epic/UE_4.27/FeaturePacks/FP_FirstPerson.upack)
[2025.06.26-10.26.26:669][  0]LogPakFile: OnPakFileMounted2Time == 0.000040
[2025.06.26-10.26.26:670][  0]LogPakFile: PakFile PrimaryIndexSize=189
[2025.06.26-10.26.26:670][  0]LogPakFile: PakFile PathHashIndexSize=101
[2025.06.26-10.26.26:670][  0]LogPakFile: PakFile FullDirectoryIndexSize=152
[2025.06.26-10.26.26:670][  0]LogShaderLibrary: Display: ShaderCodeLibraryPakFileMountedCallback: PakFile 'D:/PROGRAMY/epic/UE_4.27/FeaturePacks/FP_FirstPersonBP.upack' (chunk index -1, root 'root:/') mounted
[2025.06.26-10.26.26:670][  0]LogShaderLibrary: Display: ShaderCodeLibraryPakFileMountedCallback: pending pak file info (ChunkID:-1 Root:root:/ File:D:/PROGRAMY/epic/UE_4.27/FeaturePacks/FP_FirstPersonBP.upack)
[2025.06.26-10.26.26:670][  0]LogPakFile: OnPakFileMounted2Time == 0.000029
[2025.06.26-10.26.26:670][  0]LogPakFile: PakFile PrimaryIndexSize=191
[2025.06.26-10.26.26:670][  0]LogPakFile: PakFile PathHashIndexSize=101
[2025.06.26-10.26.26:670][  0]LogPakFile: PakFile FullDirectoryIndexSize=160
[2025.06.26-10.26.26:670][  0]LogShaderLibrary: Display: ShaderCodeLibraryPakFileMountedCallback: PakFile 'D:/PROGRAMY/epic/UE_4.27/FeaturePacks/MobileStarterContent.upack' (chunk index -1, root 'root:/') mounted
[2025.06.26-10.26.26:670][  0]LogShaderLibrary: Display: ShaderCodeLibraryPakFileMountedCallback: pending pak file info (ChunkID:-1 Root:root:/ File:D:/PROGRAMY/epic/UE_4.27/FeaturePacks/MobileStarterContent.upack)
[2025.06.26-10.26.26:670][  0]LogPakFile: OnPakFileMounted2Time == 0.000023
[2025.06.26-10.26.26:671][  0]LogPakFile: PakFile PrimaryIndexSize=185
[2025.06.26-10.26.26:671][  0]LogPakFile: PakFile PathHashIndexSize=101
[2025.06.26-10.26.26:671][  0]LogPakFile: PakFile FullDirectoryIndexSize=148
[2025.06.26-10.26.26:671][  0]LogShaderLibrary: Display: ShaderCodeLibraryPakFileMountedCallback: PakFile 'D:/PROGRAMY/epic/UE_4.27/FeaturePacks/StarterContent.upack' (chunk index -1, root 'root:/') mounted
[2025.06.26-10.26.26:671][  0]LogShaderLibrary: Display: ShaderCodeLibraryPakFileMountedCallback: pending pak file info (ChunkID:-1 Root:root:/ File:D:/PROGRAMY/epic/UE_4.27/FeaturePacks/StarterContent.upack)
[2025.06.26-10.26.26:671][  0]LogPakFile: OnPakFileMounted2Time == 0.000024
[2025.06.26-10.26.26:671][  0]LogPakFile: PakFile PrimaryIndexSize=190
[2025.06.26-10.26.26:671][  0]LogPakFile: PakFile PathHashIndexSize=101
[2025.06.26-10.26.26:671][  0]LogPakFile: PakFile FullDirectoryIndexSize=154
[2025.06.26-10.26.26:671][  0]LogShaderLibrary: Display: ShaderCodeLibraryPakFileMountedCallback: PakFile 'D:/PROGRAMY/epic/UE_4.27/FeaturePacks/TP_2DSideScroller.upack' (chunk index -1, root 'root:/') mounted
[2025.06.26-10.26.26:671][  0]LogShaderLibrary: Display: ShaderCodeLibraryPakFileMountedCallback: pending pak file info (ChunkID:-1 Root:root:/ File:D:/PROGRAMY/epic/UE_4.27/FeaturePacks/TP_2DSideScroller.upack)
[2025.06.26-10.26.26:671][  0]LogPakFile: OnPakFileMounted2Time == 0.000023
[2025.06.26-10.26.26:672][  0]LogPakFile: PakFile PrimaryIndexSize=192
[2025.06.26-10.26.26:672][  0]LogPakFile: PakFile PathHashIndexSize=101
[2025.06.26-10.26.26:672][  0]LogPakFile: PakFile FullDirectoryIndexSize=158
[2025.06.26-10.26.26:672][  0]LogShaderLibrary: Display: ShaderCodeLibraryPakFileMountedCallback: PakFile 'D:/PROGRAMY/epic/UE_4.27/FeaturePacks/TP_2DSideScrollerBP.upack' (chunk index -1, root 'root:/') mounted
[2025.06.26-10.26.26:672][  0]LogShaderLibrary: Display: ShaderCodeLibraryPakFileMountedCallback: pending pak file info (ChunkID:-1 Root:root:/ File:D:/PROGRAMY/epic/UE_4.27/FeaturePacks/TP_2DSideScrollerBP.upack)
[2025.06.26-10.26.26:672][  0]LogPakFile: OnPakFileMounted2Time == 0.000028
[2025.06.26-10.26.26:672][  0]LogPakFile: PakFile PrimaryIndexSize=182
[2025.06.26-10.26.26:672][  0]LogPakFile: PakFile PathHashIndexSize=101
[2025.06.26-10.26.26:672][  0]LogPakFile: PakFile FullDirectoryIndexSize=138
[2025.06.26-10.26.26:672][  0]LogShaderLibrary: Display: ShaderCodeLibraryPakFileMountedCallback: PakFile 'D:/PROGRAMY/epic/UE_4.27/FeaturePacks/TP_Flying.upack' (chunk index -1, root 'root:/') mounted
[2025.06.26-10.26.26:672][  0]LogShaderLibrary: Display: ShaderCodeLibraryPakFileMountedCallback: pending pak file info (ChunkID:-1 Root:root:/ File:D:/PROGRAMY/epic/UE_4.27/FeaturePacks/TP_Flying.upack)
[2025.06.26-10.26.26:673][  0]LogPakFile: OnPakFileMounted2Time == 0.000024
[2025.06.26-10.26.26:673][  0]LogPakFile: PakFile PrimaryIndexSize=184
[2025.06.26-10.26.26:673][  0]LogPakFile: PakFile PathHashIndexSize=101
[2025.06.26-10.26.26:673][  0]LogPakFile: PakFile FullDirectoryIndexSize=142
[2025.06.26-10.26.26:673][  0]LogShaderLibrary: Display: ShaderCodeLibraryPakFileMountedCallback: PakFile 'D:/PROGRAMY/epic/UE_4.27/FeaturePacks/TP_FlyingBP.upack' (chunk index -1, root 'root:/') mounted
[2025.06.26-10.26.26:673][  0]LogShaderLibrary: Display: ShaderCodeLibraryPakFileMountedCallback: pending pak file info (ChunkID:-1 Root:root:/ File:D:/PROGRAMY/epic/UE_4.27/FeaturePacks/TP_FlyingBP.upack)
[2025.06.26-10.26.26:673][  0]LogPakFile: OnPakFileMounted2Time == 0.000023
[2025.06.26-10.26.26:674][  0]LogPakFile: PakFile PrimaryIndexSize=188
[2025.06.26-10.26.26:674][  0]LogPakFile: PakFile PathHashIndexSize=101
[2025.06.26-10.26.26:674][  0]LogPakFile: PakFile FullDirectoryIndexSize=150
[2025.06.26-10.26.26:674][  0]LogShaderLibrary: Display: ShaderCodeLibraryPakFileMountedCallback: PakFile 'D:/PROGRAMY/epic/UE_4.27/FeaturePacks/TP_HandheldARBP.upack' (chunk index -1, root 'root:/') mounted
[2025.06.26-10.26.26:674][  0]LogShaderLibrary: Display: ShaderCodeLibraryPakFileMountedCallback: pending pak file info (ChunkID:-1 Root:root:/ File:D:/PROGRAMY/epic/UE_4.27/FeaturePacks/TP_HandheldARBP.upack)
[2025.06.26-10.26.26:674][  0]LogPakFile: OnPakFileMounted2Time == 0.000022
[2025.06.26-10.26.26:674][  0]LogPakFile: PakFile PrimaryIndexSize=182
[2025.06.26-10.26.26:674][  0]LogPakFile: PakFile PathHashIndexSize=101
[2025.06.26-10.26.26:674][  0]LogPakFile: PakFile FullDirectoryIndexSize=138
[2025.06.26-10.26.26:674][  0]LogShaderLibrary: Display: ShaderCodeLibraryPakFileMountedCallback: PakFile 'D:/PROGRAMY/epic/UE_4.27/FeaturePacks/TP_Puzzle.upack' (chunk index -1, root 'root:/') mounted
[2025.06.26-10.26.26:674][  0]LogShaderLibrary: Display: ShaderCodeLibraryPakFileMountedCallback: pending pak file info (ChunkID:-1 Root:root:/ File:D:/PROGRAMY/epic/UE_4.27/FeaturePacks/TP_Puzzle.upack)
[2025.06.26-10.26.26:674][  0]LogPakFile: OnPakFileMounted2Time == 0.000023
[2025.06.26-10.26.26:675][  0]LogPakFile: PakFile PrimaryIndexSize=184
[2025.06.26-10.26.26:675][  0]LogPakFile: PakFile PathHashIndexSize=101
[2025.06.26-10.26.26:675][  0]LogPakFile: PakFile FullDirectoryIndexSize=142
[2025.06.26-10.26.26:675][  0]LogShaderLibrary: Display: ShaderCodeLibraryPakFileMountedCallback: PakFile 'D:/PROGRAMY/epic/UE_4.27/FeaturePacks/TP_PuzzleBP.upack' (chunk index -1, root 'root:/') mounted
[2025.06.26-10.26.26:675][  0]LogShaderLibrary: Display: ShaderCodeLibraryPakFileMountedCallback: pending pak file info (ChunkID:-1 Root:root:/ File:D:/PROGRAMY/epic/UE_4.27/FeaturePacks/TP_PuzzleBP.upack)
[2025.06.26-10.26.26:675][  0]LogPakFile: OnPakFileMounted2Time == 0.000022
[2025.06.26-10.26.26:675][  0]LogPakFile: PakFile PrimaryIndexSize=183
[2025.06.26-10.26.26:675][  0]LogPakFile: PakFile PathHashIndexSize=101
[2025.06.26-10.26.26:675][  0]LogPakFile: PakFile FullDirectoryIndexSize=140
[2025.06.26-10.26.26:675][  0]LogShaderLibrary: Display: ShaderCodeLibraryPakFileMountedCallback: PakFile 'D:/PROGRAMY/epic/UE_4.27/FeaturePacks/TP_Rolling.upack' (chunk index -1, root 'root:/') mounted
[2025.06.26-10.26.26:675][  0]LogShaderLibrary: Display: ShaderCodeLibraryPakFileMountedCallback: pending pak file info (ChunkID:-1 Root:root:/ File:D:/PROGRAMY/epic/UE_4.27/FeaturePacks/TP_Rolling.upack)
[2025.06.26-10.26.26:675][  0]LogPakFile: OnPakFileMounted2Time == 0.000024
[2025.06.26-10.26.26:676][  0]LogPakFile: PakFile PrimaryIndexSize=185
[2025.06.26-10.26.26:676][  0]LogPakFile: PakFile PathHashIndexSize=101
[2025.06.26-10.26.26:676][  0]LogPakFile: PakFile FullDirectoryIndexSize=144
[2025.06.26-10.26.26:676][  0]LogShaderLibrary: Display: ShaderCodeLibraryPakFileMountedCallback: PakFile 'D:/PROGRAMY/epic/UE_4.27/FeaturePacks/TP_RollingBP.upack' (chunk index -1, root 'root:/') mounted
[2025.06.26-10.26.26:676][  0]LogShaderLibrary: Display: ShaderCodeLibraryPakFileMountedCallback: pending pak file info (ChunkID:-1 Root:root:/ File:D:/PROGRAMY/epic/UE_4.27/FeaturePacks/TP_RollingBP.upack)
[2025.06.26-10.26.26:676][  0]LogPakFile: OnPakFileMounted2Time == 0.000021
[2025.06.26-10.26.26:676][  0]LogPakFile: PakFile PrimaryIndexSize=188
[2025.06.26-10.26.26:676][  0]LogPakFile: PakFile PathHashIndexSize=101
[2025.06.26-10.26.26:676][  0]LogPakFile: PakFile FullDirectoryIndexSize=150
[2025.06.26-10.26.26:676][  0]LogShaderLibrary: Display: ShaderCodeLibraryPakFileMountedCallback: PakFile 'D:/PROGRAMY/epic/UE_4.27/FeaturePacks/TP_SideScroller.upack' (chunk index -1, root 'root:/') mounted
[2025.06.26-10.26.26:676][  0]LogShaderLibrary: Display: ShaderCodeLibraryPakFileMountedCallback: pending pak file info (ChunkID:-1 Root:root:/ File:D:/PROGRAMY/epic/UE_4.27/FeaturePacks/TP_SideScroller.upack)
[2025.06.26-10.26.26:676][  0]LogPakFile: OnPakFileMounted2Time == 0.000022
[2025.06.26-10.26.26:677][  0]LogPakFile: PakFile PrimaryIndexSize=190
[2025.06.26-10.26.26:677][  0]LogPakFile: PakFile PathHashIndexSize=101
[2025.06.26-10.26.26:677][  0]LogPakFile: PakFile FullDirectoryIndexSize=154
[2025.06.26-10.26.26:677][  0]LogShaderLibrary: Display: ShaderCodeLibraryPakFileMountedCallback: PakFile 'D:/PROGRAMY/epic/UE_4.27/FeaturePacks/TP_SideScrollerBP.upack' (chunk index -1, root 'root:/') mounted
[2025.06.26-10.26.26:677][  0]LogShaderLibrary: Display: ShaderCodeLibraryPakFileMountedCallback: pending pak file info (ChunkID:-1 Root:root:/ File:D:/PROGRAMY/epic/UE_4.27/FeaturePacks/TP_SideScrollerBP.upack)
[2025.06.26-10.26.26:677][  0]LogPakFile: OnPakFileMounted2Time == 0.000024
[2025.06.26-10.26.26:677][  0]LogPakFile: PakFile PrimaryIndexSize=187
[2025.06.26-10.26.26:677][  0]LogPakFile: PakFile PathHashIndexSize=101
[2025.06.26-10.26.26:677][  0]LogPakFile: PakFile FullDirectoryIndexSize=148
[2025.06.26-10.26.26:677][  0]LogShaderLibrary: Display: ShaderCodeLibraryPakFileMountedCallback: PakFile 'D:/PROGRAMY/epic/UE_4.27/FeaturePacks/TP_ThirdPerson.upack' (chunk index -1, root 'root:/') mounted
[2025.06.26-10.26.26:677][  0]LogShaderLibrary: Display: ShaderCodeLibraryPakFileMountedCallback: pending pak file info (ChunkID:-1 Root:root:/ File:D:/PROGRAMY/epic/UE_4.27/FeaturePacks/TP_ThirdPerson.upack)
[2025.06.26-10.26.26:677][  0]LogPakFile: OnPakFileMounted2Time == 0.000022
[2025.06.26-10.26.26:678][  0]LogPakFile: PakFile PrimaryIndexSize=189
[2025.06.26-10.26.26:678][  0]LogPakFile: PakFile PathHashIndexSize=101
[2025.06.26-10.26.26:678][  0]LogPakFile: PakFile FullDirectoryIndexSize=152
[2025.06.26-10.26.26:678][  0]LogShaderLibrary: Display: ShaderCodeLibraryPakFileMountedCallback: PakFile 'D:/PROGRAMY/epic/UE_4.27/FeaturePacks/TP_ThirdPersonBP.upack' (chunk index -1, root 'root:/') mounted
[2025.06.26-10.26.26:678][  0]LogShaderLibrary: Display: ShaderCodeLibraryPakFileMountedCallback: pending pak file info (ChunkID:-1 Root:root:/ File:D:/PROGRAMY/epic/UE_4.27/FeaturePacks/TP_ThirdPersonBP.upack)
[2025.06.26-10.26.26:678][  0]LogPakFile: OnPakFileMounted2Time == 0.000025
[2025.06.26-10.26.26:678][  0]LogPakFile: PakFile PrimaryIndexSize=183
[2025.06.26-10.26.26:678][  0]LogPakFile: PakFile PathHashIndexSize=101
[2025.06.26-10.26.26:678][  0]LogPakFile: PakFile FullDirectoryIndexSize=140
[2025.06.26-10.26.26:678][  0]LogShaderLibrary: Display: ShaderCodeLibraryPakFileMountedCallback: PakFile 'D:/PROGRAMY/epic/UE_4.27/FeaturePacks/TP_TopDown.upack' (chunk index -1, root 'root:/') mounted
[2025.06.26-10.26.26:678][  0]LogShaderLibrary: Display: ShaderCodeLibraryPakFileMountedCallback: pending pak file info (ChunkID:-1 Root:root:/ File:D:/PROGRAMY/epic/UE_4.27/FeaturePacks/TP_TopDown.upack)
[2025.06.26-10.26.26:678][  0]LogPakFile: OnPakFileMounted2Time == 0.000027
[2025.06.26-10.26.26:679][  0]LogPakFile: PakFile PrimaryIndexSize=185
[2025.06.26-10.26.26:679][  0]LogPakFile: PakFile PathHashIndexSize=101
[2025.06.26-10.26.26:679][  0]LogPakFile: PakFile FullDirectoryIndexSize=144
[2025.06.26-10.26.26:679][  0]LogShaderLibrary: Display: ShaderCodeLibraryPakFileMountedCallback: PakFile 'D:/PROGRAMY/epic/UE_4.27/FeaturePacks/TP_TopDownBP.upack' (chunk index -1, root 'root:/') mounted
[2025.06.26-10.26.26:679][  0]LogShaderLibrary: Display: ShaderCodeLibraryPakFileMountedCallback: pending pak file info (ChunkID:-1 Root:root:/ File:D:/PROGRAMY/epic/UE_4.27/FeaturePacks/TP_TopDownBP.upack)
[2025.06.26-10.26.26:679][  0]LogPakFile: OnPakFileMounted2Time == 0.000022
[2025.06.26-10.26.26:679][  0]LogPakFile: PakFile PrimaryIndexSize=185
[2025.06.26-10.26.26:679][  0]LogPakFile: PakFile PathHashIndexSize=101
[2025.06.26-10.26.26:679][  0]LogPakFile: PakFile FullDirectoryIndexSize=144
[2025.06.26-10.26.26:679][  0]LogShaderLibrary: Display: ShaderCodeLibraryPakFileMountedCallback: PakFile 'D:/PROGRAMY/epic/UE_4.27/FeaturePacks/TP_TwinStick.upack' (chunk index -1, root 'root:/') mounted
[2025.06.26-10.26.26:679][  0]LogShaderLibrary: Display: ShaderCodeLibraryPakFileMountedCallback: pending pak file info (ChunkID:-1 Root:root:/ File:D:/PROGRAMY/epic/UE_4.27/FeaturePacks/TP_TwinStick.upack)
[2025.06.26-10.26.26:679][  0]LogPakFile: OnPakFileMounted2Time == 0.000022
[2025.06.26-10.26.26:680][  0]LogPakFile: PakFile PrimaryIndexSize=187
[2025.06.26-10.26.26:680][  0]LogPakFile: PakFile PathHashIndexSize=101
[2025.06.26-10.26.26:680][  0]LogPakFile: PakFile FullDirectoryIndexSize=148
[2025.06.26-10.26.26:680][  0]LogShaderLibrary: Display: ShaderCodeLibraryPakFileMountedCallback: PakFile 'D:/PROGRAMY/epic/UE_4.27/FeaturePacks/TP_TwinStickBP.upack' (chunk index -1, root 'root:/') mounted
[2025.06.26-10.26.26:680][  0]LogShaderLibrary: Display: ShaderCodeLibraryPakFileMountedCallback: pending pak file info (ChunkID:-1 Root:root:/ File:D:/PROGRAMY/epic/UE_4.27/FeaturePacks/TP_TwinStickBP.upack)
[2025.06.26-10.26.26:680][  0]LogPakFile: OnPakFileMounted2Time == 0.000023
[2025.06.26-10.26.26:680][  0]LogPakFile: PakFile PrimaryIndexSize=183
[2025.06.26-10.26.26:680][  0]LogPakFile: PakFile PathHashIndexSize=101
[2025.06.26-10.26.26:680][  0]LogPakFile: PakFile FullDirectoryIndexSize=140
[2025.06.26-10.26.26:681][  0]LogShaderLibrary: Display: ShaderCodeLibraryPakFileMountedCallback: PakFile 'D:/PROGRAMY/epic/UE_4.27/FeaturePacks/TP_Vehicle.upack' (chunk index -1, root 'root:/') mounted
[2025.06.26-10.26.26:681][  0]LogShaderLibrary: Display: ShaderCodeLibraryPakFileMountedCallback: pending pak file info (ChunkID:-1 Root:root:/ File:D:/PROGRAMY/epic/UE_4.27/FeaturePacks/TP_Vehicle.upack)
[2025.06.26-10.26.26:681][  0]LogPakFile: OnPakFileMounted2Time == 0.000022
[2025.06.26-10.26.26:681][  0]LogPakFile: PakFile PrimaryIndexSize=186
[2025.06.26-10.26.26:681][  0]LogPakFile: PakFile PathHashIndexSize=101
[2025.06.26-10.26.26:681][  0]LogPakFile: PakFile FullDirectoryIndexSize=146
[2025.06.26-10.26.26:681][  0]LogShaderLibrary: Display: ShaderCodeLibraryPakFileMountedCallback: PakFile 'D:/PROGRAMY/epic/UE_4.27/FeaturePacks/TP_VehicleAdv.upack' (chunk index -1, root 'root:/') mounted
[2025.06.26-10.26.26:681][  0]LogShaderLibrary: Display: ShaderCodeLibraryPakFileMountedCallback: pending pak file info (ChunkID:-1 Root:root:/ File:D:/PROGRAMY/epic/UE_4.27/FeaturePacks/TP_VehicleAdv.upack)
[2025.06.26-10.26.26:681][  0]LogPakFile: OnPakFileMounted2Time == 0.000022
[2025.06.26-10.26.26:682][  0]LogPakFile: PakFile PrimaryIndexSize=188
[2025.06.26-10.26.26:682][  0]LogPakFile: PakFile PathHashIndexSize=101
[2025.06.26-10.26.26:682][  0]LogPakFile: PakFile FullDirectoryIndexSize=150
[2025.06.26-10.26.26:682][  0]LogShaderLibrary: Display: ShaderCodeLibraryPakFileMountedCallback: PakFile 'D:/PROGRAMY/epic/UE_4.27/FeaturePacks/TP_VehicleAdvBP.upack' (chunk index -1, root 'root:/') mounted
[2025.06.26-10.26.26:682][  0]LogShaderLibrary: Display: ShaderCodeLibraryPakFileMountedCallback: pending pak file info (ChunkID:-1 Root:root:/ File:D:/PROGRAMY/epic/UE_4.27/FeaturePacks/TP_VehicleAdvBP.upack)
[2025.06.26-10.26.26:682][  0]LogPakFile: OnPakFileMounted2Time == 0.000027
[2025.06.26-10.26.26:682][  0]LogPakFile: PakFile PrimaryIndexSize=185
[2025.06.26-10.26.26:682][  0]LogPakFile: PakFile PathHashIndexSize=101
[2025.06.26-10.26.26:682][  0]LogPakFile: PakFile FullDirectoryIndexSize=144
[2025.06.26-10.26.26:682][  0]LogShaderLibrary: Display: ShaderCodeLibraryPakFileMountedCallback: PakFile 'D:/PROGRAMY/epic/UE_4.27/FeaturePacks/TP_VehicleBP.upack' (chunk index -1, root 'root:/') mounted
[2025.06.26-10.26.26:682][  0]LogShaderLibrary: Display: ShaderCodeLibraryPakFileMountedCallback: pending pak file info (ChunkID:-1 Root:root:/ File:D:/PROGRAMY/epic/UE_4.27/FeaturePacks/TP_VehicleBP.upack)
[2025.06.26-10.26.26:682][  0]LogPakFile: OnPakFileMounted2Time == 0.000024
[2025.06.26-10.26.26:683][  0]LogPakFile: PakFile PrimaryIndexSize=192
[2025.06.26-10.26.26:683][  0]LogPakFile: PakFile PathHashIndexSize=101
[2025.06.26-10.26.26:683][  0]LogPakFile: PakFile FullDirectoryIndexSize=158
[2025.06.26-10.26.26:683][  0]LogShaderLibrary: Display: ShaderCodeLibraryPakFileMountedCallback: PakFile 'D:/PROGRAMY/epic/UE_4.27/FeaturePacks/TP_VirtualRealityBP.upack' (chunk index -1, root 'root:/') mounted
[2025.06.26-10.26.26:683][  0]LogShaderLibrary: Display: ShaderCodeLibraryPakFileMountedCallback: pending pak file info (ChunkID:-1 Root:root:/ File:D:/PROGRAMY/epic/UE_4.27/FeaturePacks/TP_VirtualRealityBP.upack)
[2025.06.26-10.26.26:683][  0]LogPakFile: OnPakFileMounted2Time == 0.000022
[2025.06.26-10.26.26:736][  0]LogNativeClassHierarchy: Verbose: Native class hierarchy updated for 'AddContentDialog' in 0.0003 seconds. Added 0 classes and 0 folders.
[2025.06.26-10.26.26:737][  0]LogNativeClassHierarchy: Verbose: Native class hierarchy updated for 'SceneOutliner' in 0.0002 seconds. Added 2 classes and 0 folders.
[2025.06.26-10.26.26:791][  0]LogSlate: Took 0.000184 seconds to synchronously load lazily loaded font '../../../Engine/Content/Slate/Fonts/Roboto-Regular.ttf' (155K)
[2025.06.26-10.26.26:792][  0]LogSlate: Took 0.000136 seconds to synchronously load lazily loaded font '../../../Engine/Content/Editor/Slate/Fonts/FontAwesome.ttf' (139K)
[2025.06.26-10.26.26:793][  0]LogSlate: Took 0.000138 seconds to synchronously load lazily loaded font '../../../Engine/Content/Slate/Fonts/Roboto-Bold.ttf' (160K)
[2025.06.26-10.26.26:857][  0]LogRenderer: Reallocating scene render targets to support 1616x808 Format 10 NumSamples 1 (Frame:1).
[2025.06.26-10.26.26:966][  0]LogNativeClassHierarchy: Verbose: Native class hierarchy updated for 'HierarchicalLODOutliner' in 0.0003 seconds. Added 0 classes and 0 folders.
[2025.06.26-10.26.26:966][  0]LogLoad: (Engine Initialization) Total time: 5.52 seconds
[2025.06.26-10.26.26:966][  0]LogLoad: (Engine Initialization) Total Blueprint compile time: 0.00 seconds
[2025.06.26-10.26.27:000][  0]LogAssetRegistry: Asset discovery search completed in 3.2072 seconds
[2025.06.26-10.26.27:005][  0]LogCollectionManager: Fixed up redirectors for 0 collections in 0.000003 seconds (updated 0 objects)
[2025.06.26-10.26.27:006][  0]LogContentStreaming: Texture pool size now 1000 MB
[2025.06.26-10.26.28:796][210]LogUObjectHash: Compacting FUObjectHashTables data took   0.54ms
[2025.06.26-10.26.28:801][210]LogSlate: Took 0.000193 seconds to synchronously load lazily loaded font '../../../Engine/Content/Slate/Fonts/Roboto-Light.ttf' (167K)
[2025.06.26-10.26.28:930][210]LogSkeletalMesh: Display: [AssetLog] C:\Users\Julka\Documents\GitHub\topdownshooter 4.27\Content\Weapons\Rifle.uasset: Find and fix some bad tangent! please re-import this skeletal mesh asset to fix the issue. The shading of the skeletal mesh will be bad and faceted.
[2025.06.26-10.26.28:948][210]LogAssetEditorSubsystem: Opening Asset editor for World /Game/shooter.shooter
[2025.06.26-10.26.28:948][210]Cmd: MAP LOAD FILE="C:/Users/Julka/Documents/GitHub/topdownshooter 4.27/Content/shooter.umap" TEMPLATE=0 SHOWPROGRESS=1 FEATURELEVEL=3
[2025.06.26-10.26.28:949][210]LightingResults: New page: Lighting Build
[2025.06.26-10.26.28:949][210]LoadErrors: New page: Loading map: shooter.umap
[2025.06.26-10.26.28:949][210]LogWorld: UWorld::CleanupWorld for Untitled_1, bSessionEnded=true, bCleanupResources=true
[2025.06.26-10.26.28:949][210]LogSlate: InvalidateAllWidgets triggered.  All widgets were invalidated
[2025.06.26-10.26.28:949][210]MapCheck: New page: Map Check
[2025.06.26-10.26.28:949][210]LightingResults: New page: Lighting Build
[2025.06.26-10.26.28:953][210]LogAudio: Display: Audio Device unregistered from world 'None'.
[2025.06.26-10.26.28:954][210]LogUObjectHash: Compacting FUObjectHashTables data took   0.76ms
[2025.06.26-10.26.28:955][210]LogAudio: Display: Audio Device (ID: 1) registered with world 'shooter'.
[2025.06.26-10.26.28:975][210]LogEditorServer: Finished looking for orphan Actors (0.000 secs)
[2025.06.26-10.26.28:975][210]LogAIModule: Creating AISystem for world shooter
[2025.06.26-10.26.28:980][210]LogUObjectHash: Compacting FUObjectHashTables data took   0.59ms
[2025.06.26-10.26.28:982][210]Cmd: MAP CHECKDEP NOCLEARLOG
[2025.06.26-10.26.28:982][210]MapCheck: Map check complete: 0 Error(s), 0 Warning(s), took 0,097ms to complete.
[2025.06.26-10.26.28:982][210]LogFileHelpers: Loading map 'shooter' took 0.033
[2025.06.26-10.26.29:732][289]LogTemp: Repeating last play command: Selected Viewport
[2025.06.26-10.26.29:735][289]LogPlayLevel: PlayLevel: No blueprints needed recompiling
[2025.06.26-10.26.29:735][289]PIE: New page: PIE session: shooter (26 cze 2025, 14:26:29)
[2025.06.26-10.26.29:736][289]LogOnline: OSS: Creating online subsystem instance for: NULL
[2025.06.26-10.26.29:737][289]LogOnline: OSS: TryLoadSubsystemAndSetDefault: Loaded subsystem for module [NULL]
[2025.06.26-10.26.29:737][289]LogPlayLevel: Creating play world package: /Game/UEDPIE_0_shooter
[2025.06.26-10.26.29:740][289]LogPlayLevel: PIE: StaticDuplicateObject took: (0.002491s)
[2025.06.26-10.26.29:740][289]LogAIModule: Creating AISystem for world shooter
[2025.06.26-10.26.29:740][289]LogPlayLevel: PIE: World Init took: (0.000714s)
[2025.06.26-10.26.29:740][289]LogPlayLevel: PIE: Created PIE world by copying editor world from /Game/shooter.shooter to /Game/UEDPIE_0_shooter.shooter (0.003285s)
[2025.06.26-10.26.29:744][289]LogUObjectHash: Compacting FUObjectHashTables data took   0.56ms
[2025.06.26-10.26.29:745][289]LogAudio: Display: Creating Audio Device:                 Id: 2, Scope: Unique, Realtime: True
[2025.06.26-10.26.29:745][289]LogAudioMixer: Display: Audio Mixer Platform Settings:
[2025.06.26-10.26.29:745][289]LogAudioMixer: Display: 	Sample Rate:						  48000
[2025.06.26-10.26.29:745][289]LogAudioMixer: Display: 	Callback Buffer Frame Size Requested: 1024
[2025.06.26-10.26.29:745][289]LogAudioMixer: Display: 	Callback Buffer Frame Size To Use:	  1024
[2025.06.26-10.26.29:745][289]LogAudioMixer: Display: 	Number of buffers to queue:			  2
[2025.06.26-10.26.29:745][289]LogAudioMixer: Display: 	Max Channels (voices):				  32
[2025.06.26-10.26.29:745][289]LogAudioMixer: Display: 	Number of Async Source Workers:		  0
[2025.06.26-10.26.29:745][289]LogAudio: Display: AudioDevice MaxSources: 32
[2025.06.26-10.26.29:745][289]LogAudio: Display: Audio Spatialization Plugin: None (built-in).
[2025.06.26-10.26.29:745][289]LogAudio: Display: Audio Reverb Plugin: None (built-in).
[2025.06.26-10.26.29:745][289]LogAudio: Display: Audio Occlusion Plugin: None (built-in).
[2025.06.26-10.26.29:745][289]LogAudioMixer: Display: Initializing audio mixer.
[2025.06.26-10.26.29:749][289]LogAudioMixer: Display: 0: FrontLeft
[2025.06.26-10.26.29:749][289]LogAudioMixer: Display: 1: FrontRight
[2025.06.26-10.26.29:755][289]LogAudioMixer: Display: Using Audio Device Headphones (JBL Tune 770NC Stereo)
[2025.06.26-10.26.29:755][289]LogAudioMixer: Display: Initializing Sound Submixes...
[2025.06.26-10.26.29:755][289]LogAudioMixer: Display: Creating Master Submix 'MasterSubmixDefault'
[2025.06.26-10.26.29:755][289]LogAudioMixer: Display: Creating Master Submix 'MasterReverbSubmixDefault'
[2025.06.26-10.26.29:755][289]LogAudioMixer: Display: Creating Master Submix 'MasterEQSubmixDefault'
[2025.06.26-10.26.29:755][289]LogAudioMixer: FMixerPlatformXAudio2::StartAudioStream() called
[2025.06.26-10.26.29:755][289]LogAudioMixer: Display: Output buffers initialized: Frames=1024, Channels=2, Samples=2048
[2025.06.26-10.26.29:756][289]LogAudioMixer: Display: Starting AudioMixerPlatformInterface::RunInternal()
[2025.06.26-10.26.29:756][289]LogAudioMixer: Display: FMixerPlatformXAudio2::SubmitBuffer() called for the first time
[2025.06.26-10.26.29:756][289]LogInit: FAudioDevice initialized.
[2025.06.26-10.26.29:756][289]LogAudio: Display: Audio Device (ID: 2) registered with world 'shooter'.
[2025.06.26-10.26.29:762][289]LogLoad: Game class is 'gamemode_C'
[2025.06.26-10.26.29:763][289]LogWorld: Bringing World /Game/UEDPIE_0_shooter.shooter up for play (max tick rate 0) at 2025.06.26-12.26.29
[2025.06.26-10.26.29:763][289]LogWorld: Bringing up level for play took: 0.001104
[2025.06.26-10.26.29:764][289]LogOnline: OSS: Creating online subsystem instance for: :Context_1
[2025.06.26-10.26.29:765][289]LogNativeClassHierarchy: Verbose: Native class hierarchy updated for 'MovieSceneCapture' in 0.0003 seconds. Added 20 classes and 0 folders.
[2025.06.26-10.26.29:767][289]PIE: Server logged in
[2025.06.26-10.26.29:768][289]PIE: Play in editor total start time 0,032 seconds.
[2025.06.26-10.26.30:988][430]LogSlate: Updating window title bar state: overlay mode, drag disabled, window buttons hidden, title bar hidden
[2025.06.26-10.26.30:988][430]LogWorld: BeginTearingDown for /Game/UEDPIE_0_shooter
[2025.06.26-10.26.30:988][430]LogWorld: UWorld::CleanupWorld for shooter, bSessionEnded=true, bCleanupResources=true
[2025.06.26-10.26.30:988][430]LogSlate: InvalidateAllWidgets triggered.  All widgets were invalidated
[2025.06.26-10.26.30:996][430]LogPlayLevel: Display: Shutting down PIE online subsystems
[2025.06.26-10.26.30:997][430]LogSlate: InvalidateAllWidgets triggered.  All widgets were invalidated
[2025.06.26-10.26.31:000][430]LogAudio: Display: Audio Device unregistered from world 'None'.
[2025.06.26-10.26.31:000][430]LogAudioMixer: FMixerPlatformXAudio2::StopAudioStream() called
[2025.06.26-10.26.31:001][430]LogAudioMixer: FMixerPlatformXAudio2::StopAudioStream() called
[2025.06.26-10.26.31:003][430]LogSlate: Updating window title bar state: overlay mode, drag disabled, window buttons hidden, title bar hidden
[2025.06.26-10.26.31:004][430]LogUObjectHash: Compacting FUObjectHashTables data took   0.60ms
[2025.06.26-10.26.31:065][432]LogPlayLevel: Display: Destroying online subsystem :Context_1
